This file contains any messages produced by compilers while
running configure, to aid debugging if configure makes a mistake.

It was created by ViennaRNA configure 2.3.5, which was
generated by GNU Autoconf 2.69.  Invocation command line was

  $ ./configure --without-perl --without-python --without-doc --without-forester --without-kinfold --without-kinwalker

## --------- ##
## Platform. ##
## --------- ##

hostname = heinrich
uname -m = x86_64
uname -r = 4.13.0-36-generic
uname -s = Linux
uname -v = #40-Ubuntu SMP Fri Feb 16 20:07:48 UTC 2018

/usr/bin/uname -p = unknown
/bin/uname -X     = unknown

/bin/arch              = unknown
/usr/bin/arch -k       = unknown
/usr/convex/getsysinfo = unknown
/usr/bin/hostinfo      = unknown
/bin/machine           = unknown
/usr/bin/oslevel       = unknown
/bin/universe          = unknown

PATH: /home/daniel/bin
PATH: /home/daniel/.local/bin
PATH: /usr/local/bin
PATH: /usr/local/cuda/bin
PATH: /home/daniel/bin
PATH: /usr/local/sbin
PATH: /usr/local/bin
PATH: /usr/sbin
PATH: /usr/bin
PATH: /sbin
PATH: /bin
PATH: /usr/games
PATH: /usr/local/games
PATH: /snap/bin
PATH: /usr/lib/jvm/java-9-oracle/bin
PATH: /usr/lib/jvm/java-9-oracle/db/bin


## ----------- ##
## Core tests. ##
## ----------- ##

configure:2875: checking for gcc
configure:2891: found /usr/bin/gcc
configure:2902: result: gcc
configure:3131: checking for C compiler version
configure:3140: gcc --version >&5
gcc (Ubuntu 7.2.0-8ubuntu3.2) 7.2.0
Copyright (C) 2017 Free Software Foundation, Inc.
This is free software; see the source for copying conditions.  There is NO
warranty; not even for MERCHANTABILITY or FITNESS FOR A PARTICULAR PURPOSE.

configure:3151: $? = 0
configure:3140: gcc -v >&5
Using built-in specs.
COLLECT_GCC=gcc
COLLECT_LTO_WRAPPER=/usr/lib/gcc/x86_64-linux-gnu/7/lto-wrapper
OFFLOAD_TARGET_NAMES=nvptx-none
OFFLOAD_TARGET_DEFAULT=1
Target: x86_64-linux-gnu
Configured with: ../src/configure -v --with-pkgversion='Ubuntu 7.2.0-8ubuntu3.2' --with-bugurl=file:///usr/share/doc/gcc-7/README.Bugs --enable-languages=c,ada,c++,go,brig,d,fortran,objc,obj-c++ --prefix=/usr --with-gcc-major-version-only --program-suffix=-7 --program-prefix=x86_64-linux-gnu- --enable-shared --enable-linker-build-id --libexecdir=/usr/lib --without-included-gettext --enable-threads=posix --libdir=/usr/lib --enable-nls --with-sysroot=/ --enable-clocale=gnu --enable-libstdcxx-debug --enable-libstdcxx-time=yes --with-default-libstdcxx-abi=new --enable-gnu-unique-object --disable-vtable-verify --enable-libmpx --enable-plugin --enable-default-pie --with-system-zlib --with-target-system-zlib --enable-objc-gc=auto --enable-multiarch --disable-werror --with-arch-32=i686 --with-abi=m64 --with-multilib-list=m32,m64,mx32 --enable-multilib --with-tune=generic --enable-offload-targets=nvptx-none --without-cuda-driver --enable-checking=release --build=x86_64-linux-gnu --host=x86_64-linux-gnu --target=x86_64-linux-gnu
Thread model: posix
gcc version 7.2.0 (Ubuntu 7.2.0-8ubuntu3.2) 
configure:3151: $? = 0
configure:3140: gcc -V >&5
gcc: error: unrecognized command line option '-V'
gcc: fatal error: no input files
compilation terminated.
configure:3151: $? = 1
configure:3140: gcc -qversion >&5
gcc: error: unrecognized command line option '-qversion'; did you mean '--version'?
gcc: fatal error: no input files
compilation terminated.
configure:3151: $? = 1
configure:3171: checking whether the C compiler works
configure:3193: gcc    conftest.c  >&5
configure:3197: $? = 0
configure:3245: result: yes
configure:3248: checking for C compiler default output file name
configure:3250: result: a.out
configure:3256: checking for suffix of executables
configure:3263: gcc -o conftest    conftest.c  >&5
configure:3267: $? = 0
configure:3289: result: 
configure:3311: checking whether we are cross compiling
configure:3319: gcc -o conftest    conftest.c  >&5
configure:3323: $? = 0
configure:3330: ./conftest
configure:3334: $? = 0
configure:3349: result: no
configure:3354: checking for suffix of object files
configure:3376: gcc -c   conftest.c >&5
configure:3380: $? = 0
configure:3401: result: o
configure:3405: checking whether we are using the GNU C compiler
configure:3424: gcc -c   conftest.c >&5
configure:3424: $? = 0
configure:3433: result: yes
configure:3442: checking whether gcc accepts -g
configure:3462: gcc -c -g  conftest.c >&5
configure:3462: $? = 0
configure:3503: result: yes
configure:3520: checking for gcc option to accept ISO C89
configure:3583: gcc  -c -g -O2  conftest.c >&5
configure:3583: $? = 0
configure:3596: result: none needed
configure:3621: checking whether gcc understands -c and -o together
configure:3643: gcc -c conftest.c -o conftest2.o
configure:3646: $? = 0
configure:3643: gcc -c conftest.c -o conftest2.o
configure:3646: $? = 0
configure:3658: result: yes
configure:3681: checking how to run the C preprocessor
configure:3712: gcc -E  conftest.c
configure:3712: $? = 0
configure:3726: gcc -E  conftest.c
conftest.c:9:10: fatal error: ac_nonexistent.h: No such file or directory
 #include <ac_nonexistent.h>
          ^~~~~~~~~~~~~~~~~~
compilation terminated.
configure:3726: $? = 1
configure: failed program was:
| /* confdefs.h */
| #define PACKAGE_NAME "ViennaRNA"
| #define PACKAGE_TARNAME "ViennaRNA"
| #define PACKAGE_VERSION "2.3.5"
| #define PACKAGE_STRING "ViennaRNA 2.3.5"
| #define PACKAGE_BUGREPORT "rna@tbi.univie.ac.at"
| #define PACKAGE_URL "http://www.tbi.univie.ac.at/RNA"
| /* end confdefs.h.  */
| #include <ac_nonexistent.h>
configure:3751: result: gcc -E
configure:3771: gcc -E  conftest.c
configure:3771: $? = 0
configure:3785: gcc -E  conftest.c
conftest.c:9:10: fatal error: ac_nonexistent.h: No such file or directory
 #include <ac_nonexistent.h>
          ^~~~~~~~~~~~~~~~~~
compilation terminated.
configure:3785: $? = 1
configure: failed program was:
| /* confdefs.h */
| #define PACKAGE_NAME "ViennaRNA"
| #define PACKAGE_TARNAME "ViennaRNA"
| #define PACKAGE_VERSION "2.3.5"
| #define PACKAGE_STRING "ViennaRNA 2.3.5"
| #define PACKAGE_BUGREPORT "rna@tbi.univie.ac.at"
| #define PACKAGE_URL "http://www.tbi.univie.ac.at/RNA"
| /* end confdefs.h.  */
| #include <ac_nonexistent.h>
configure:3814: checking for grep that handles long lines and -e
configure:3872: result: /bin/grep
configure:3877: checking for egrep
configure:3939: result: /bin/grep -E
configure:3944: checking for ANSI C header files
configure:3964: gcc -c -g -O2  conftest.c >&5
configure:3964: $? = 0
configure:4037: gcc -o conftest -g -O2   conftest.c  >&5
configure:4037: $? = 0
configure:4037: ./conftest
configure:4037: $? = 0
configure:4048: result: yes
configure:4061: checking for sys/types.h
configure:4061: gcc -c -g -O2  conftest.c >&5
configure:4061: $? = 0
configure:4061: result: yes
configure:4061: checking for sys/stat.h
configure:4061: gcc -c -g -O2  conftest.c >&5
configure:4061: $? = 0
configure:4061: result: yes
configure:4061: checking for stdlib.h
configure:4061: gcc -c -g -O2  conftest.c >&5
configure:4061: $? = 0
configure:4061: result: yes
configure:4061: checking for string.h
configure:4061: gcc -c -g -O2  conftest.c >&5
configure:4061: $? = 0
configure:4061: result: yes
configure:4061: checking for memory.h
configure:4061: gcc -c -g -O2  conftest.c >&5
configure:4061: $? = 0
configure:4061: result: yes
configure:4061: checking for strings.h
configure:4061: gcc -c -g -O2  conftest.c >&5
configure:4061: $? = 0
configure:4061: result: yes
configure:4061: checking for inttypes.h
configure:4061: gcc -c -g -O2  conftest.c >&5
configure:4061: $? = 0
configure:4061: result: yes
configure:4061: checking for stdint.h
configure:4061: gcc -c -g -O2  conftest.c >&5
configure:4061: $? = 0
configure:4061: result: yes
configure:4061: checking for unistd.h
configure:4061: gcc -c -g -O2  conftest.c >&5
configure:4061: $? = 0
configure:4061: result: yes
configure:4074: checking minix/config.h usability
configure:4074: gcc -c -g -O2  conftest.c >&5
conftest.c:52:10: fatal error: minix/config.h: No such file or directory
 #include <minix/config.h>
          ^~~~~~~~~~~~~~~~
compilation terminated.
configure:4074: $? = 1
configure: failed program was:
| /* confdefs.h */
| #define PACKAGE_NAME "ViennaRNA"
| #define PACKAGE_TARNAME "ViennaRNA"
| #define PACKAGE_VERSION "2.3.5"
| #define PACKAGE_STRING "ViennaRNA 2.3.5"
| #define PACKAGE_BUGREPORT "rna@tbi.univie.ac.at"
| #define PACKAGE_URL "http://www.tbi.univie.ac.at/RNA"
| #define STDC_HEADERS 1
| #define HAVE_SYS_TYPES_H 1
| #define HAVE_SYS_STAT_H 1
| #define HAVE_STDLIB_H 1
| #define HAVE_STRING_H 1
| #define HAVE_MEMORY_H 1
| #define HAVE_STRINGS_H 1
| #define HAVE_INTTYPES_H 1
| #define HAVE_STDINT_H 1
| #define HAVE_UNISTD_H 1
| /* end confdefs.h.  */
| #include <stdio.h>
| #ifdef HAVE_SYS_TYPES_H
| # include <sys/types.h>
| #endif
| #ifdef HAVE_SYS_STAT_H
| # include <sys/stat.h>
| #endif
| #ifdef STDC_HEADERS
| # include <stdlib.h>
| # include <stddef.h>
| #else
| # ifdef HAVE_STDLIB_H
| #  include <stdlib.h>
| # endif
| #endif
| #ifdef HAVE_STRING_H
| # if !defined STDC_HEADERS && defined HAVE_MEMORY_H
| #  include <memory.h>
| # endif
| # include <string.h>
| #endif
| #ifdef HAVE_STRINGS_H
| # include <strings.h>
| #endif
| #ifdef HAVE_INTTYPES_H
| # include <inttypes.h>
| #endif
| #ifdef HAVE_STDINT_H
| # include <stdint.h>
| #endif
| #ifdef HAVE_UNISTD_H
| # include <unistd.h>
| #endif
| #include <minix/config.h>
configure:4074: result: no
configure:4074: checking minix/config.h presence
configure:4074: gcc -E  conftest.c
conftest.c:19:10: fatal error: minix/config.h: No such file or directory
 #include <minix/config.h>
          ^~~~~~~~~~~~~~~~
compilation terminated.
configure:4074: $? = 1
configure: failed program was:
| /* confdefs.h */
| #define PACKAGE_NAME "ViennaRNA"
| #define PACKAGE_TARNAME "ViennaRNA"
| #define PACKAGE_VERSION "2.3.5"
| #define PACKAGE_STRING "ViennaRNA 2.3.5"
| #define PACKAGE_BUGREPORT "rna@tbi.univie.ac.at"
| #define PACKAGE_URL "http://www.tbi.univie.ac.at/RNA"
| #define STDC_HEADERS 1
| #define HAVE_SYS_TYPES_H 1
| #define HAVE_SYS_STAT_H 1
| #define HAVE_STDLIB_H 1
| #define HAVE_STRING_H 1
| #define HAVE_MEMORY_H 1
| #define HAVE_STRINGS_H 1
| #define HAVE_INTTYPES_H 1
| #define HAVE_STDINT_H 1
| #define HAVE_UNISTD_H 1
| /* end confdefs.h.  */
| #include <minix/config.h>
configure:4074: result: no
configure:4074: checking for minix/config.h
configure:4074: result: no
configure:4095: checking whether it is safe to define __EXTENSIONS__
configure:4113: gcc -c -g -O2  conftest.c >&5
configure:4113: $? = 0
configure:4120: result: yes
configure:4147: checking whether make supports nested variables
configure:4164: result: yes
configure:4191: checking for a BSD-compatible install
configure:4259: result: /usr/bin/install -c
configure:4270: checking whether build environment is sane
configure:4325: result: yes
configure:4473: checking for a thread-safe mkdir -p
configure:4512: result: /bin/mkdir -p
configure:4519: checking for gawk
configure:4535: found /usr/bin/gawk
configure:4546: result: gawk
configure:4557: checking whether make sets $(MAKE)
configure:4579: result: yes
configure:4609: checking for style of include used by make
configure:4637: result: GNU
configure:4734: checking dependency style of gcc
configure:4845: result: gcc3
configure:4907: checking if malloc debugging is wanted
configure:4925: result: no
configure:4938: checking build system type
configure:4952: result: x86_64-pc-linux-gnu
configure:4972: checking host system type
configure:4985: result: x86_64-pc-linux-gnu
configure:5064: checking for g++
configure:5080: found /usr/bin/g++
configure:5091: result: g++
configure:5118: checking for C++ compiler version
configure:5127: g++ --version >&5
g++ (Ubuntu 7.2.0-8ubuntu3.2) 7.2.0
Copyright (C) 2017 Free Software Foundation, Inc.
This is free software; see the source for copying conditions.  There is NO
warranty; not even for MERCHANTABILITY or FITNESS FOR A PARTICULAR PURPOSE.

configure:5138: $? = 0
configure:5127: g++ -v >&5
Using built-in specs.
COLLECT_GCC=g++
COLLECT_LTO_WRAPPER=/usr/lib/gcc/x86_64-linux-gnu/7/lto-wrapper
OFFLOAD_TARGET_NAMES=nvptx-none
OFFLOAD_TARGET_DEFAULT=1
Target: x86_64-linux-gnu
Configured with: ../src/configure -v --with-pkgversion='Ubuntu 7.2.0-8ubuntu3.2' --with-bugurl=file:///usr/share/doc/gcc-7/README.Bugs --enable-languages=c,ada,c++,go,brig,d,fortran,objc,obj-c++ --prefix=/usr --with-gcc-major-version-only --program-suffix=-7 --program-prefix=x86_64-linux-gnu- --enable-shared --enable-linker-build-id --libexecdir=/usr/lib --without-included-gettext --enable-threads=posix --libdir=/usr/lib --enable-nls --with-sysroot=/ --enable-clocale=gnu --enable-libstdcxx-debug --enable-libstdcxx-time=yes --with-default-libstdcxx-abi=new --enable-gnu-unique-object --disable-vtable-verify --enable-libmpx --enable-plugin --enable-default-pie --with-system-zlib --with-target-system-zlib --enable-objc-gc=auto --enable-multiarch --disable-werror --with-arch-32=i686 --with-abi=m64 --with-multilib-list=m32,m64,mx32 --enable-multilib --with-tune=generic --enable-offload-targets=nvptx-none --without-cuda-driver --enable-checking=release --build=x86_64-linux-gnu --host=x86_64-linux-gnu --target=x86_64-linux-gnu
Thread model: posix
gcc version 7.2.0 (Ubuntu 7.2.0-8ubuntu3.2) 
configure:5138: $? = 0
configure:5127: g++ -V >&5
g++: error: unrecognized command line option '-V'
g++: fatal error: no input files
compilation terminated.
configure:5138: $? = 1
configure:5127: g++ -qversion >&5
g++: error: unrecognized command line option '-qversion'; did you mean '--version'?
g++: fatal error: no input files
compilation terminated.
configure:5138: $? = 1
configure:5142: checking whether we are using the GNU C++ compiler
configure:5161: g++ -c   conftest.cpp >&5
configure:5161: $? = 0
configure:5170: result: yes
configure:5179: checking whether g++ accepts -g
configure:5199: g++ -c -g  conftest.cpp >&5
configure:5199: $? = 0
configure:5240: result: yes
configure:5265: checking dependency style of g++
configure:5376: result: gcc3
configure:5396: checking how to run the C++ preprocessor
configure:5423: g++ -E  conftest.cpp
configure:5423: $? = 0
configure:5437: g++ -E  conftest.cpp
conftest.cpp:26:10: fatal error: ac_nonexistent.h: No such file or directory
 #include <ac_nonexistent.h>
          ^~~~~~~~~~~~~~~~~~
compilation terminated.
configure:5437: $? = 1
configure: failed program was:
| /* confdefs.h */
| #define PACKAGE_NAME "ViennaRNA"
| #define PACKAGE_TARNAME "ViennaRNA"
| #define PACKAGE_VERSION "2.3.5"
| #define PACKAGE_STRING "ViennaRNA 2.3.5"
| #define PACKAGE_BUGREPORT "rna@tbi.univie.ac.at"
| #define PACKAGE_URL "http://www.tbi.univie.ac.at/RNA"
| #define STDC_HEADERS 1
| #define HAVE_SYS_TYPES_H 1
| #define HAVE_SYS_STAT_H 1
| #define HAVE_STDLIB_H 1
| #define HAVE_STRING_H 1
| #define HAVE_MEMORY_H 1
| #define HAVE_STRINGS_H 1
| #define HAVE_INTTYPES_H 1
| #define HAVE_STDINT_H 1
| #define HAVE_UNISTD_H 1
| #define __EXTENSIONS__ 1
| #define _ALL_SOURCE 1
| #define _GNU_SOURCE 1
| #define _POSIX_PTHREAD_SEMANTICS 1
| #define _TANDEM_SOURCE 1
| #define PACKAGE "ViennaRNA"
| #define VERSION "2.3.5"
| /* end confdefs.h.  */
| #include <ac_nonexistent.h>
configure:5462: result: g++ -E
configure:5482: g++ -E  conftest.cpp
configure:5482: $? = 0
configure:5496: g++ -E  conftest.cpp
conftest.cpp:26:10: fatal error: ac_nonexistent.h: No such file or directory
 #include <ac_nonexistent.h>
          ^~~~~~~~~~~~~~~~~~
compilation terminated.
configure:5496: $? = 1
configure: failed program was:
| /* confdefs.h */
| #define PACKAGE_NAME "ViennaRNA"
| #define PACKAGE_TARNAME "ViennaRNA"
| #define PACKAGE_VERSION "2.3.5"
| #define PACKAGE_STRING "ViennaRNA 2.3.5"
| #define PACKAGE_BUGREPORT "rna@tbi.univie.ac.at"
| #define PACKAGE_URL "http://www.tbi.univie.ac.at/RNA"
| #define STDC_HEADERS 1
| #define HAVE_SYS_TYPES_H 1
| #define HAVE_SYS_STAT_H 1
| #define HAVE_STDLIB_H 1
| #define HAVE_STRING_H 1
| #define HAVE_MEMORY_H 1
| #define HAVE_STRINGS_H 1
| #define HAVE_INTTYPES_H 1
| #define HAVE_STDINT_H 1
| #define HAVE_UNISTD_H 1
| #define __EXTENSIONS__ 1
| #define _ALL_SOURCE 1
| #define _GNU_SOURCE 1
| #define _POSIX_PTHREAD_SEMANTICS 1
| #define _TANDEM_SOURCE 1
| #define PACKAGE "ViennaRNA"
| #define VERSION "2.3.5"
| /* end confdefs.h.  */
| #include <ac_nonexistent.h>
configure:5572: checking for gcc
configure:5599: result: gcc
configure:5828: checking for C compiler version
configure:5837: gcc --version >&5
gcc (Ubuntu 7.2.0-8ubuntu3.2) 7.2.0
Copyright (C) 2017 Free Software Foundation, Inc.
This is free software; see the source for copying conditions.  There is NO
warranty; not even for MERCHANTABILITY or FITNESS FOR A PARTICULAR PURPOSE.

configure:5848: $? = 0
configure:5837: gcc -v >&5
Using built-in specs.
COLLECT_GCC=gcc
COLLECT_LTO_WRAPPER=/usr/lib/gcc/x86_64-linux-gnu/7/lto-wrapper
OFFLOAD_TARGET_NAMES=nvptx-none
OFFLOAD_TARGET_DEFAULT=1
Target: x86_64-linux-gnu
Configured with: ../src/configure -v --with-pkgversion='Ubuntu 7.2.0-8ubuntu3.2' --with-bugurl=file:///usr/share/doc/gcc-7/README.Bugs --enable-languages=c,ada,c++,go,brig,d,fortran,objc,obj-c++ --prefix=/usr --with-gcc-major-version-only --program-suffix=-7 --program-prefix=x86_64-linux-gnu- --enable-shared --enable-linker-build-id --libexecdir=/usr/lib --without-included-gettext --enable-threads=posix --libdir=/usr/lib --enable-nls --with-sysroot=/ --enable-clocale=gnu --enable-libstdcxx-debug --enable-libstdcxx-time=yes --with-default-libstdcxx-abi=new --enable-gnu-unique-object --disable-vtable-verify --enable-libmpx --enable-plugin --enable-default-pie --with-system-zlib --with-target-system-zlib --enable-objc-gc=auto --enable-multiarch --disable-werror --with-arch-32=i686 --with-abi=m64 --with-multilib-list=m32,m64,mx32 --enable-multilib --with-tune=generic --enable-offload-targets=nvptx-none --without-cuda-driver --enable-checking=release --build=x86_64-linux-gnu --host=x86_64-linux-gnu --target=x86_64-linux-gnu
Thread model: posix
gcc version 7.2.0 (Ubuntu 7.2.0-8ubuntu3.2) 
configure:5848: $? = 0
configure:5837: gcc -V >&5
gcc: error: unrecognized command line option '-V'
gcc: fatal error: no input files
compilation terminated.
configure:5848: $? = 1
configure:5837: gcc -qversion >&5
gcc: error: unrecognized command line option '-qversion'; did you mean '--version'?
gcc: fatal error: no input files
compilation terminated.
configure:5848: $? = 1
configure:5852: checking whether we are using the GNU C compiler
configure:5880: result: yes
configure:5889: checking whether gcc accepts -g
configure:5950: result: yes
configure:5967: checking for gcc option to accept ISO C89
configure:6043: result: none needed
configure:6068: checking whether gcc understands -c and -o together
configure:6105: result: yes
configure:6127: checking how to run the C preprocessor
configure:6197: result: gcc -E
configure:6217: gcc -E  conftest.c
configure:6217: $? = 0
configure:6231: gcc -E  conftest.c
conftest.c:26:10: fatal error: ac_nonexistent.h: No such file or directory
 #include <ac_nonexistent.h>
          ^~~~~~~~~~~~~~~~~~
compilation terminated.
configure:6231: $? = 1
configure: failed program was:
| /* confdefs.h */
| #define PACKAGE_NAME "ViennaRNA"
| #define PACKAGE_TARNAME "ViennaRNA"
| #define PACKAGE_VERSION "2.3.5"
| #define PACKAGE_STRING "ViennaRNA 2.3.5"
| #define PACKAGE_BUGREPORT "rna@tbi.univie.ac.at"
| #define PACKAGE_URL "http://www.tbi.univie.ac.at/RNA"
| #define STDC_HEADERS 1
| #define HAVE_SYS_TYPES_H 1
| #define HAVE_SYS_STAT_H 1
| #define HAVE_STDLIB_H 1
| #define HAVE_STRING_H 1
| #define HAVE_MEMORY_H 1
| #define HAVE_STRINGS_H 1
| #define HAVE_INTTYPES_H 1
| #define HAVE_STDINT_H 1
| #define HAVE_UNISTD_H 1
| #define __EXTENSIONS__ 1
| #define _ALL_SOURCE 1
| #define _GNU_SOURCE 1
| #define _POSIX_PTHREAD_SEMANTICS 1
| #define _TANDEM_SOURCE 1
| #define PACKAGE "ViennaRNA"
| #define VERSION "2.3.5"
| /* end confdefs.h.  */
| #include <ac_nonexistent.h>
configure:6320: checking for ar
configure:6336: found /usr/bin/ar
configure:6347: result: ar
configure:6373: checking the archiver (ar) interface
configure:6389: gcc -c -g -O2  conftest.c >&5
configure:6389: $? = 0
configure:6391: ar cru libconftest.a conftest.o >&5
ar: `u' modifier ignored since `D' is the default (see `U')
configure:6394: $? = 0
configure:6422: result: ar
configure:6442: checking whether make sets $(MAKE)
configure:6464: result: yes
configure:6473: checking for grep that handles long lines and -e
configure:6531: result: /bin/grep
configure:6538: checking for a sed that does not truncate output
configure:6602: result: /bin/sed
configure:6607: checking whether ln -s works
configure:6611: result: yes
configure:6618: checking for gcc option to accept ISO C99
configure:6767: gcc  -c -g -O2  conftest.c >&5
configure:6767: $? = 0
configure:6780: result: none needed
configure:6842: checking how to print strings
configure:6869: result: printf
configure:6890: checking for a sed that does not truncate output
configure:6954: result: /bin/sed
configure:6972: checking for fgrep
configure:7034: result: /bin/grep -F
configure:7069: checking for ld used by gcc
configure:7136: result: /usr/bin/ld
configure:7143: checking if the linker (/usr/bin/ld) is GNU ld
configure:7158: result: yes
configure:7170: checking for BSD- or MS-compatible name lister (nm)
configure:7224: result: /usr/bin/nm -B
configure:7354: checking the name lister (/usr/bin/nm -B) interface
configure:7361: gcc -c -g -O2  conftest.c >&5
configure:7364: /usr/bin/nm -B "conftest.o"
configure:7367: output
0000000000000000 B some_variable
configure:7374: result: BSD nm
configure:7378: checking the maximum length of command line arguments
configure:7509: result: 1572864
configure:7557: checking how to convert x86_64-pc-linux-gnu file names to x86_64-pc-linux-gnu format
configure:7597: result: func_convert_file_noop
configure:7604: checking how to convert x86_64-pc-linux-gnu file names to toolchain format
configure:7624: result: func_convert_file_noop
configure:7631: checking for /usr/bin/ld option to reload object files
configure:7638: result: -r
configure:7712: checking for objdump
configure:7728: found /usr/bin/objdump
configure:7739: result: objdump
configure:7771: checking how to recognize dependent libraries
configure:7971: result: pass_all
configure:8056: checking for dlltool
configure:8086: result: no
configure:8116: checking how to associate runtime and link libraries
configure:8143: result: printf %s\n
configure:8267: checking for archiver @FILE support
configure:8284: gcc -c -g -O2  conftest.c >&5
configure:8284: $? = 0
configure:8287: ar cru libconftest.a @conftest.lst >&5
ar: `u' modifier ignored since `D' is the default (see `U')
configure:8290: $? = 0
configure:8295: ar cru libconftest.a @conftest.lst >&5
ar: `u' modifier ignored since `D' is the default (see `U')
ar: conftest.o: No such file or directory
configure:8298: $? = 1
configure:8310: result: @
configure:8368: checking for strip
configure:8384: found /usr/bin/strip
configure:8395: result: strip
configure:8467: checking for ranlib
configure:8483: found /usr/bin/ranlib
configure:8494: result: ranlib
configure:8596: checking command to parse /usr/bin/nm -B output from gcc object
configure:8749: gcc -c -g -O2  conftest.c >&5
configure:8752: $? = 0
configure:8756: /usr/bin/nm -B conftest.o \| sed -n -e 's/^.*[ ]\([ABCDGIRSTW][ABCDGIRSTW]*\)[ ][ ]*\([_A-Za-z][_A-Za-z0-9]*\)$/\1 \2 \2/p' | sed '/ __gnu_lto/d' \> conftest.nm
configure:8759: $? = 0
configure:8825: gcc -o conftest -g -O2   conftest.c conftstm.o >&5
configure:8828: $? = 0
configure:8866: result: ok
configure:8913: checking for sysroot
configure:8943: result: no
configure:8950: checking for a working dd
configure:8988: result: /bin/dd
configure:8992: checking how to truncate binary pipes
configure:9007: result: /bin/dd bs=4096 count=1
configure:9143: gcc -c -g -O2  conftest.c >&5
configure:9146: $? = 0
configure:9336: checking for mt
configure:9352: found /bin/mt
configure:9363: result: mt
configure:9386: checking if mt is a manifest tool
configure:9392: mt '-?'
configure:9400: result: no
configure:10074: checking for dlfcn.h
configure:10074: gcc -c -g -O2  conftest.c >&5
configure:10074: $? = 0
configure:10074: result: yes
configure:10341: checking for objdir
configure:10356: result: .libs
configure:10620: checking if gcc supports -fno-rtti -fno-exceptions
configure:10638: gcc -c -g -O2  -fno-rtti -fno-exceptions conftest.c >&5
cc1: warning: command line option '-fno-rtti' is valid for C++/ObjC++ but not for C
configure:10642: $? = 0
configure:10655: result: no
configure:11013: checking for gcc option to produce PIC
configure:11020: result: -fPIC -DPIC
configure:11028: checking if gcc PIC flag -fPIC -DPIC works
configure:11046: gcc -c -g -O2  -fPIC -DPIC -DPIC conftest.c >&5
configure:11050: $? = 0
configure:11063: result: yes
configure:11092: checking if gcc static flag -static works
configure:11120: result: yes
configure:11135: checking if gcc supports -c -o file.o
configure:11156: gcc -c -g -O2  -o out/conftest2.o conftest.c >&5
configure:11160: $? = 0
configure:11182: result: yes
configure:11190: checking if gcc supports -c -o file.o
configure:11237: result: yes
configure:11270: checking whether the gcc linker (/usr/bin/ld -m elf_x86_64) supports shared libraries
configure:12533: result: yes
configure:12570: checking whether -lc should be explicitly linked in
configure:12578: gcc -c -g -O2  conftest.c >&5
configure:12581: $? = 0
configure:12596: gcc -shared  -fPIC -DPIC conftest.o  -v -Wl,-soname -Wl,conftest -o conftest 2\>\&1 \| /bin/grep  -lc  \>/dev/null 2\>\&1
configure:12599: $? = 0
configure:12613: result: no
configure:12773: checking dynamic linker characteristics
configure:13354: gcc -o conftest -g -O2   -Wl,-rpath -Wl,/foo conftest.c  >&5
configure:13354: $? = 0
configure:13603: result: GNU/Linux ld.so
configure:13725: checking how to hardcode library paths into programs
configure:13750: result: immediate
configure:14298: checking whether stripping libraries is possible
configure:14303: result: yes
configure:14338: checking if libtool supports shared libraries
configure:14340: result: yes
configure:14343: checking whether to build shared libraries
configure:14368: result: yes
configure:14371: checking whether to build static libraries
configure:14375: result: yes
configure:14398: checking how to run the C++ preprocessor
configure:14464: result: g++ -E
configure:14484: g++ -E  conftest.cpp
configure:14484: $? = 0
configure:14498: g++ -E  conftest.cpp
conftest.cpp:29:10: fatal error: ac_nonexistent.h: No such file or directory
 #include <ac_nonexistent.h>
          ^~~~~~~~~~~~~~~~~~
compilation terminated.
configure:14498: $? = 1
configure: failed program was:
| /* confdefs.h */
| #define PACKAGE_NAME "ViennaRNA"
| #define PACKAGE_TARNAME "ViennaRNA"
| #define PACKAGE_VERSION "2.3.5"
| #define PACKAGE_STRING "ViennaRNA 2.3.5"
| #define PACKAGE_BUGREPORT "rna@tbi.univie.ac.at"
| #define PACKAGE_URL "http://www.tbi.univie.ac.at/RNA"
| #define STDC_HEADERS 1
| #define HAVE_SYS_TYPES_H 1
| #define HAVE_SYS_STAT_H 1
| #define HAVE_STDLIB_H 1
| #define HAVE_STRING_H 1
| #define HAVE_MEMORY_H 1
| #define HAVE_STRINGS_H 1
| #define HAVE_INTTYPES_H 1
| #define HAVE_STDINT_H 1
| #define HAVE_UNISTD_H 1
| #define __EXTENSIONS__ 1
| #define _ALL_SOURCE 1
| #define _GNU_SOURCE 1
| #define _POSIX_PTHREAD_SEMANTICS 1
| #define _TANDEM_SOURCE 1
| #define PACKAGE "ViennaRNA"
| #define VERSION "2.3.5"
| #define UNUSED __attribute__ ((unused))
| #define HAVE_DLFCN_H 1
| #define LT_OBJDIR ".libs/"
| /* end confdefs.h.  */
| #include <ac_nonexistent.h>
configure:14660: checking for ld used by g++
configure:14727: result: /usr/bin/ld -m elf_x86_64
configure:14734: checking if the linker (/usr/bin/ld -m elf_x86_64) is GNU ld
configure:14749: result: yes
configure:14804: checking whether the g++ linker (/usr/bin/ld -m elf_x86_64) supports shared libraries
configure:15877: result: yes
configure:15913: g++ -c -g -O2  conftest.cpp >&5
configure:15916: $? = 0
configure:16397: checking for g++ option to produce PIC
configure:16404: result: -fPIC -DPIC
configure:16412: checking if g++ PIC flag -fPIC -DPIC works
configure:16430: g++ -c -g -O2  -fPIC -DPIC -DPIC conftest.cpp >&5
configure:16434: $? = 0
configure:16447: result: yes
configure:16470: checking if g++ static flag -static works
configure:16498: result: yes
configure:16510: checking if g++ supports -c -o file.o
configure:16531: g++ -c -g -O2  -o out/conftest2.o conftest.cpp >&5
configure:16535: $? = 0
configure:16557: result: yes
configure:16562: checking if g++ supports -c -o file.o
configure:16609: result: yes
configure:16639: checking whether the g++ linker (/usr/bin/ld -m elf_x86_64) supports shared libraries
configure:16682: result: yes
configure:16823: checking dynamic linker characteristics
configure:17580: result: GNU/Linux ld.so
configure:17645: checking how to hardcode library paths into programs
configure:17670: result: immediate
configure:17735: checking for exp in -lm
configure:17760: gcc -o conftest -g -O2   conftest.c -lm   >&5
conftest.c:36:6: warning: conflicting types for built-in function 'exp' [-Wbuiltin-declaration-mismatch]
 char exp ();
      ^~~
configure:17760: $? = 0
configure:17769: result: yes
configure:17781: checking for ANSI C header files
configure:17885: result: yes
configure:17893: checking for stdbool.h that conforms to C99
configure:17960: gcc -c -g -O2  conftest.c >&5
configure:17960: $? = 0
configure:17967: result: yes
configure:17969: checking for _Bool
configure:17969: gcc -c -g -O2  conftest.c >&5
configure:17969: $? = 0
configure:17969: gcc -c -g -O2  conftest.c >&5
conftest.c: In function 'main':
conftest.c:67:20: error: expected expression before ')' token
 if (sizeof ((_Bool)))
                    ^
configure:17969: $? = 1
configure: failed program was:
| /* confdefs.h */
| #define PACKAGE_NAME "ViennaRNA"
| #define PACKAGE_TARNAME "ViennaRNA"
| #define PACKAGE_VERSION "2.3.5"
| #define PACKAGE_STRING "ViennaRNA 2.3.5"
| #define PACKAGE_BUGREPORT "rna@tbi.univie.ac.at"
| #define PACKAGE_URL "http://www.tbi.univie.ac.at/RNA"
| #define STDC_HEADERS 1
| #define HAVE_SYS_TYPES_H 1
| #define HAVE_SYS_STAT_H 1
| #define HAVE_STDLIB_H 1
| #define HAVE_STRING_H 1
| #define HAVE_MEMORY_H 1
| #define HAVE_STRINGS_H 1
| #define HAVE_INTTYPES_H 1
| #define HAVE_STDINT_H 1
| #define HAVE_UNISTD_H 1
| #define __EXTENSIONS__ 1
| #define _ALL_SOURCE 1
| #define _GNU_SOURCE 1
| #define _POSIX_PTHREAD_SEMANTICS 1
| #define _TANDEM_SOURCE 1
| #define PACKAGE "ViennaRNA"
| #define VERSION "2.3.5"
| #define UNUSED __attribute__ ((unused))
| #define HAVE_DLFCN_H 1
| #define LT_OBJDIR ".libs/"
| #define HAVE_LIBM 1
| #define STDC_HEADERS 1
| /* end confdefs.h.  */
| #include <stdio.h>
| #ifdef HAVE_SYS_TYPES_H
| # include <sys/types.h>
| #endif
| #ifdef HAVE_SYS_STAT_H
| # include <sys/stat.h>
| #endif
| #ifdef STDC_HEADERS
| # include <stdlib.h>
| # include <stddef.h>
| #else
| # ifdef HAVE_STDLIB_H
| #  include <stdlib.h>
| # endif
| #endif
| #ifdef HAVE_STRING_H
| # if !defined STDC_HEADERS && defined HAVE_MEMORY_H
| #  include <memory.h>
| # endif
| # include <string.h>
| #endif
| #ifdef HAVE_STRINGS_H
| # include <strings.h>
| #endif
| #ifdef HAVE_INTTYPES_H
| # include <inttypes.h>
| #endif
| #ifdef HAVE_STDINT_H
| # include <stdint.h>
| #endif
| #ifdef HAVE_UNISTD_H
| # include <unistd.h>
| #endif
| int
| main ()
| {
| if (sizeof ((_Bool)))
| 	    return 0;
|   ;
|   return 0;
| }
configure:17969: result: yes
configure:17989: checking malloc.h usability
configure:17989: gcc -c -g -O2  conftest.c >&5
configure:17989: $? = 0
configure:17989: result: yes
configure:17989: checking malloc.h presence
configure:17989: gcc -E  conftest.c
configure:17989: $? = 0
configure:17989: result: yes
configure:17989: checking for malloc.h
configure:17989: result: yes
configure:17989: checking float.h usability
configure:17989: gcc -c -g -O2  conftest.c >&5
configure:17989: $? = 0
configure:17989: result: yes
configure:17989: checking float.h presence
configure:17989: gcc -E  conftest.c
configure:17989: $? = 0
configure:17989: result: yes
configure:17989: checking for float.h
configure:17989: result: yes
configure:17989: checking limits.h usability
configure:17989: gcc -c -g -O2  conftest.c >&5
configure:17989: $? = 0
configure:17989: result: yes
configure:17989: checking limits.h presence
configure:17989: gcc -E  conftest.c
configure:17989: $? = 0
configure:17989: result: yes
configure:17989: checking for limits.h
configure:17989: result: yes
configure:17989: checking for stdlib.h
configure:17989: result: yes
configure:17989: checking for string.h
configure:17989: result: yes
configure:17989: checking for strings.h
configure:17989: result: yes
configure:17989: checking for unistd.h
configure:17989: result: yes
configure:17989: checking math.h usability
configure:17989: gcc -c -g -O2  conftest.c >&5
configure:17989: $? = 0
configure:17989: result: yes
configure:17989: checking math.h presence
configure:17989: gcc -E  conftest.c
configure:17989: $? = 0
configure:17989: result: yes
configure:17989: checking for math.h
configure:17989: result: yes
configure:17989: checking stdarg.h usability
configure:17989: gcc -c -g -O2  conftest.c >&5
configure:17989: $? = 0
configure:17989: result: yes
configure:17989: checking stdarg.h presence
configure:17989: gcc -E  conftest.c
configure:17989: $? = 0
configure:17989: result: yes
configure:17989: checking for stdarg.h
configure:17989: result: yes
configure:18002: checking for stdlib.h
configure:18002: result: yes
configure:18012: checking for GNU libc compatible malloc
configure:18036: gcc -o conftest -g -O2   conftest.c -lm  >&5
configure:18036: $? = 0
configure:18036: ./conftest
configure:18036: $? = 0
configure:18046: result: yes
configure:18069: checking for stdlib.h
configure:18069: result: yes
configure:18079: checking for GNU libc compatible realloc
configure:18103: gcc -o conftest -g -O2   conftest.c -lm  >&5
configure:18103: $? = 0
configure:18103: ./conftest
configure:18103: $? = 0
configure:18113: result: yes
configure:18134: checking for working strtod
configure:18175: gcc -o conftest -g -O2   conftest.c -lm  >&5
configure:18175: $? = 0
configure:18175: ./conftest
configure:18175: $? = 0
configure:18185: result: yes
configure:18250: checking for floor
configure:18250: gcc -o conftest -g -O2   conftest.c -lm  >&5
conftest.c:69:6: warning: conflicting types for built-in function 'floor' [-Wbuiltin-declaration-mismatch]
 char floor ();
      ^~~~~
configure:18250: $? = 0
configure:18250: result: yes
configure:18250: checking for strdup
configure:18250: gcc -o conftest -g -O2   conftest.c -lm  >&5
conftest.c:70:6: warning: conflicting types for built-in function 'strdup' [-Wbuiltin-declaration-mismatch]
 char strdup ();
      ^~~~~~
configure:18250: $? = 0
configure:18250: result: yes
configure:18250: checking for strstr
configure:18250: gcc -o conftest -g -O2   conftest.c -lm  >&5
conftest.c:71:6: warning: conflicting types for built-in function 'strstr' [-Wbuiltin-declaration-mismatch]
 char strstr ();
      ^~~~~~
configure:18250: $? = 0
configure:18250: result: yes
configure:18250: checking for strchr
configure:18250: gcc -o conftest -g -O2   conftest.c -lm  >&5
conftest.c:72:6: warning: conflicting types for built-in function 'strchr' [-Wbuiltin-declaration-mismatch]
 char strchr ();
      ^~~~~~
configure:18250: $? = 0
configure:18250: result: yes
configure:18250: checking for strrchr
configure:18250: gcc -o conftest -g -O2   conftest.c -lm  >&5
conftest.c:73:6: warning: conflicting types for built-in function 'strrchr' [-Wbuiltin-declaration-mismatch]
 char strrchr ();
      ^~~~~~~
configure:18250: $? = 0
configure:18250: result: yes
configure:18250: checking for strstr
configure:18250: result: yes
configure:18250: checking for strtol
configure:18250: gcc -o conftest -g -O2   conftest.c -lm  >&5
configure:18250: $? = 0
configure:18250: result: yes
configure:18250: checking for strtoul
configure:18250: gcc -o conftest -g -O2   conftest.c -lm  >&5
configure:18250: $? = 0
configure:18250: result: yes
configure:18250: checking for pow
configure:18250: gcc -o conftest -g -O2   conftest.c -lm  >&5
conftest.c:77:6: warning: conflicting types for built-in function 'pow' [-Wbuiltin-declaration-mismatch]
 char pow ();
      ^~~
configure:18250: $? = 0
configure:18250: result: yes
configure:18250: checking for rint
configure:18250: gcc -o conftest -g -O2   conftest.c -lm  >&5
conftest.c:78:6: warning: conflicting types for built-in function 'rint' [-Wbuiltin-declaration-mismatch]
 char rint ();
      ^~~~
configure:18250: $? = 0
configure:18250: result: yes
configure:18250: checking for sqrt
configure:18250: gcc -o conftest -g -O2   conftest.c -lm  >&5
conftest.c:79:6: warning: conflicting types for built-in function 'sqrt' [-Wbuiltin-declaration-mismatch]
 char sqrt ();
      ^~~~
configure:18250: $? = 0
configure:18250: result: yes
configure:18250: checking for erand48
configure:18250: gcc -o conftest -g -O2   conftest.c -lm  >&5
configure:18250: $? = 0
configure:18250: result: yes
configure:18250: checking for memset
configure:18250: gcc -o conftest -g -O2   conftest.c -lm  >&5
conftest.c:81:6: warning: conflicting types for built-in function 'memset' [-Wbuiltin-declaration-mismatch]
 char memset ();
      ^~~~~~
configure:18250: $? = 0
configure:18250: result: yes
configure:18250: checking for memmove
configure:18250: gcc -o conftest -g -O2   conftest.c -lm  >&5
conftest.c:82:6: warning: conflicting types for built-in function 'memmove' [-Wbuiltin-declaration-mismatch]
 char memmove ();
      ^~~~~~~
configure:18250: $? = 0
configure:18250: result: yes
configure:18250: checking for erand48
configure:18250: result: yes
configure:18250: checking for asprintf
configure:18250: gcc -o conftest -g -O2   conftest.c -lm  >&5
configure:18250: $? = 0
configure:18250: result: yes
configure:18250: checking for vasprintf
configure:18250: gcc -o conftest -g -O2   conftest.c -lm  >&5
configure:18250: $? = 0
configure:18250: result: yes
configure:18260: checking for an ANSI C-conforming const
configure:18326: gcc -c -g -O2  conftest.c >&5
configure:18326: $? = 0
configure:18333: result: yes
configure:18341: checking for size_t
configure:18341: gcc -c -g -O2  conftest.c >&5
configure:18341: $? = 0
configure:18341: gcc -c -g -O2  conftest.c >&5
conftest.c: In function 'main':
conftest.c:99:21: error: expected expression before ')' token
 if (sizeof ((size_t)))
                     ^
configure:18341: $? = 1
configure: failed program was:
| /* confdefs.h */
| #define PACKAGE_NAME "ViennaRNA"
| #define PACKAGE_TARNAME "ViennaRNA"
| #define PACKAGE_VERSION "2.3.5"
| #define PACKAGE_STRING "ViennaRNA 2.3.5"
| #define PACKAGE_BUGREPORT "rna@tbi.univie.ac.at"
| #define PACKAGE_URL "http://www.tbi.univie.ac.at/RNA"
| #define STDC_HEADERS 1
| #define HAVE_SYS_TYPES_H 1
| #define HAVE_SYS_STAT_H 1
| #define HAVE_STDLIB_H 1
| #define HAVE_STRING_H 1
| #define HAVE_MEMORY_H 1
| #define HAVE_STRINGS_H 1
| #define HAVE_INTTYPES_H 1
| #define HAVE_STDINT_H 1
| #define HAVE_UNISTD_H 1
| #define __EXTENSIONS__ 1
| #define _ALL_SOURCE 1
| #define _GNU_SOURCE 1
| #define _POSIX_PTHREAD_SEMANTICS 1
| #define _TANDEM_SOURCE 1
| #define PACKAGE "ViennaRNA"
| #define VERSION "2.3.5"
| #define UNUSED __attribute__ ((unused))
| #define HAVE_DLFCN_H 1
| #define LT_OBJDIR ".libs/"
| #define HAVE_LIBM 1
| #define STDC_HEADERS 1
| #define HAVE__BOOL 1
| #define HAVE_STDBOOL_H 1
| #define HAVE_MALLOC_H 1
| #define HAVE_FLOAT_H 1
| #define HAVE_LIMITS_H 1
| #define HAVE_STDLIB_H 1
| #define HAVE_STRING_H 1
| #define HAVE_STRINGS_H 1
| #define HAVE_UNISTD_H 1
| #define HAVE_MATH_H 1
| #define HAVE_STDARG_H 1
| #define HAVE_STDLIB_H 1
| #define HAVE_MALLOC 1
| #define HAVE_STDLIB_H 1
| #define HAVE_REALLOC 1
| #define HAVE_FLOOR 1
| #define HAVE_STRDUP 1
| #define HAVE_STRSTR 1
| #define HAVE_STRCHR 1
| #define HAVE_STRRCHR 1
| #define HAVE_STRSTR 1
| #define HAVE_STRTOL 1
| #define HAVE_STRTOUL 1
| #define HAVE_POW 1
| #define HAVE_RINT 1
| #define HAVE_SQRT 1
| #define HAVE_ERAND48 1
| #define HAVE_MEMSET 1
| #define HAVE_MEMMOVE 1
| #define HAVE_ERAND48 1
| #define HAVE_ASPRINTF 1
| #define HAVE_VASPRINTF 1
| /* end confdefs.h.  */
| #include <stdio.h>
| #ifdef HAVE_SYS_TYPES_H
| # include <sys/types.h>
| #endif
| #ifdef HAVE_SYS_STAT_H
| # include <sys/stat.h>
| #endif
| #ifdef STDC_HEADERS
| # include <stdlib.h>
| # include <stddef.h>
| #else
| # ifdef HAVE_STDLIB_H
| #  include <stdlib.h>
| # endif
| #endif
| #ifdef HAVE_STRING_H
| # if !defined STDC_HEADERS && defined HAVE_MEMORY_H
| #  include <memory.h>
| # endif
| # include <string.h>
| #endif
| #ifdef HAVE_STRINGS_H
| # include <strings.h>
| #endif
| #ifdef HAVE_INTTYPES_H
| # include <inttypes.h>
| #endif
| #ifdef HAVE_STDINT_H
| # include <stdint.h>
| #endif
| #ifdef HAVE_UNISTD_H
| # include <unistd.h>
| #endif
| int
| main ()
| {
| if (sizeof ((size_t)))
| 	    return 0;
|   ;
|   return 0;
| }
configure:18341: result: yes
configure:18352: checking for inline
configure:18368: gcc -c -g -O2  conftest.c >&5
configure:18368: $? = 0
configure:18376: result: inline
configure:18451: checking for pkg-config
configure:18469: found /usr/bin/pkg-config
configure:18481: result: /usr/bin/pkg-config
configure:18506: checking pkg-config is at least version 0.9.0
configure:18509: result: yes
configure:18519: checking for C compiler vendor
configure:18566: gcc -c -g -O2  conftest.c >&5
conftest.c: In function 'main':
conftest.c:69:9: error: 'thisisanerror' undeclared (first use in this function)
         thisisanerror;
         ^~~~~~~~~~~~~
conftest.c:69:9: note: each undeclared identifier is reported only once for each function it appears in
configure:18566: $? = 1
configure: failed program was:
| /* confdefs.h */
| #define PACKAGE_NAME "ViennaRNA"
| #define PACKAGE_TARNAME "ViennaRNA"
| #define PACKAGE_VERSION "2.3.5"
| #define PACKAGE_STRING "ViennaRNA 2.3.5"
| #define PACKAGE_BUGREPORT "rna@tbi.univie.ac.at"
| #define PACKAGE_URL "http://www.tbi.univie.ac.at/RNA"
| #define STDC_HEADERS 1
| #define HAVE_SYS_TYPES_H 1
| #define HAVE_SYS_STAT_H 1
| #define HAVE_STDLIB_H 1
| #define HAVE_STRING_H 1
| #define HAVE_MEMORY_H 1
| #define HAVE_STRINGS_H 1
| #define HAVE_INTTYPES_H 1
| #define HAVE_STDINT_H 1
| #define HAVE_UNISTD_H 1
| #define __EXTENSIONS__ 1
| #define _ALL_SOURCE 1
| #define _GNU_SOURCE 1
| #define _POSIX_PTHREAD_SEMANTICS 1
| #define _TANDEM_SOURCE 1
| #define PACKAGE "ViennaRNA"
| #define VERSION "2.3.5"
| #define UNUSED __attribute__ ((unused))
| #define HAVE_DLFCN_H 1
| #define LT_OBJDIR ".libs/"
| #define HAVE_LIBM 1
| #define STDC_HEADERS 1
| #define HAVE__BOOL 1
| #define HAVE_STDBOOL_H 1
| #define HAVE_MALLOC_H 1
| #define HAVE_FLOAT_H 1
| #define HAVE_LIMITS_H 1
| #define HAVE_STDLIB_H 1
| #define HAVE_STRING_H 1
| #define HAVE_STRINGS_H 1
| #define HAVE_UNISTD_H 1
| #define HAVE_MATH_H 1
| #define HAVE_STDARG_H 1
| #define HAVE_STDLIB_H 1
| #define HAVE_MALLOC 1
| #define HAVE_STDLIB_H 1
| #define HAVE_REALLOC 1
| #define HAVE_FLOOR 1
| #define HAVE_STRDUP 1
| #define HAVE_STRSTR 1
| #define HAVE_STRCHR 1
| #define HAVE_STRRCHR 1
| #define HAVE_STRSTR 1
| #define HAVE_STRTOL 1
| #define HAVE_STRTOUL 1
| #define HAVE_POW 1
| #define HAVE_RINT 1
| #define HAVE_SQRT 1
| #define HAVE_ERAND48 1
| #define HAVE_MEMSET 1
| #define HAVE_MEMMOVE 1
| #define HAVE_ERAND48 1
| #define HAVE_ASPRINTF 1
| #define HAVE_VASPRINTF 1
| /* end confdefs.h.  */
| 
| int
| main ()
| {
| 
|       #if !(defined(__ICC) || defined(__ECC) || defined(__INTEL_COMPILER))
|         thisisanerror;
|       #endif
| 
|   ;
|   return 0;
| }
configure:18566: gcc -c -g -O2  conftest.c >&5
conftest.c: In function 'main':
conftest.c:69:9: error: 'thisisanerror' undeclared (first use in this function)
         thisisanerror;
         ^~~~~~~~~~~~~
conftest.c:69:9: note: each undeclared identifier is reported only once for each function it appears in
configure:18566: $? = 1
configure: failed program was:
| /* confdefs.h */
| #define PACKAGE_NAME "ViennaRNA"
| #define PACKAGE_TARNAME "ViennaRNA"
| #define PACKAGE_VERSION "2.3.5"
| #define PACKAGE_STRING "ViennaRNA 2.3.5"
| #define PACKAGE_BUGREPORT "rna@tbi.univie.ac.at"
| #define PACKAGE_URL "http://www.tbi.univie.ac.at/RNA"
| #define STDC_HEADERS 1
| #define HAVE_SYS_TYPES_H 1
| #define HAVE_SYS_STAT_H 1
| #define HAVE_STDLIB_H 1
| #define HAVE_STRING_H 1
| #define HAVE_MEMORY_H 1
| #define HAVE_STRINGS_H 1
| #define HAVE_INTTYPES_H 1
| #define HAVE_STDINT_H 1
| #define HAVE_UNISTD_H 1
| #define __EXTENSIONS__ 1
| #define _ALL_SOURCE 1
| #define _GNU_SOURCE 1
| #define _POSIX_PTHREAD_SEMANTICS 1
| #define _TANDEM_SOURCE 1
| #define PACKAGE "ViennaRNA"
| #define VERSION "2.3.5"
| #define UNUSED __attribute__ ((unused))
| #define HAVE_DLFCN_H 1
| #define LT_OBJDIR ".libs/"
| #define HAVE_LIBM 1
| #define STDC_HEADERS 1
| #define HAVE__BOOL 1
| #define HAVE_STDBOOL_H 1
| #define HAVE_MALLOC_H 1
| #define HAVE_FLOAT_H 1
| #define HAVE_LIMITS_H 1
| #define HAVE_STDLIB_H 1
| #define HAVE_STRING_H 1
| #define HAVE_STRINGS_H 1
| #define HAVE_UNISTD_H 1
| #define HAVE_MATH_H 1
| #define HAVE_STDARG_H 1
| #define HAVE_STDLIB_H 1
| #define HAVE_MALLOC 1
| #define HAVE_STDLIB_H 1
| #define HAVE_REALLOC 1
| #define HAVE_FLOOR 1
| #define HAVE_STRDUP 1
| #define HAVE_STRSTR 1
| #define HAVE_STRCHR 1
| #define HAVE_STRRCHR 1
| #define HAVE_STRSTR 1
| #define HAVE_STRTOL 1
| #define HAVE_STRTOUL 1
| #define HAVE_POW 1
| #define HAVE_RINT 1
| #define HAVE_SQRT 1
| #define HAVE_ERAND48 1
| #define HAVE_MEMSET 1
| #define HAVE_MEMMOVE 1
| #define HAVE_ERAND48 1
| #define HAVE_ASPRINTF 1
| #define HAVE_VASPRINTF 1
| /* end confdefs.h.  */
| 
| int
| main ()
| {
| 
|       #if !(defined(__xlc__) || defined(__xlC__) || defined(__IBMC__) || defined(__IBMCPP__))
|         thisisanerror;
|       #endif
| 
|   ;
|   return 0;
| }
configure:18566: gcc -c -g -O2  conftest.c >&5
conftest.c: In function 'main':
conftest.c:69:9: error: 'thisisanerror' undeclared (first use in this function)
         thisisanerror;
         ^~~~~~~~~~~~~
conftest.c:69:9: note: each undeclared identifier is reported only once for each function it appears in
configure:18566: $? = 1
configure: failed program was:
| /* confdefs.h */
| #define PACKAGE_NAME "ViennaRNA"
| #define PACKAGE_TARNAME "ViennaRNA"
| #define PACKAGE_VERSION "2.3.5"
| #define PACKAGE_STRING "ViennaRNA 2.3.5"
| #define PACKAGE_BUGREPORT "rna@tbi.univie.ac.at"
| #define PACKAGE_URL "http://www.tbi.univie.ac.at/RNA"
| #define STDC_HEADERS 1
| #define HAVE_SYS_TYPES_H 1
| #define HAVE_SYS_STAT_H 1
| #define HAVE_STDLIB_H 1
| #define HAVE_STRING_H 1
| #define HAVE_MEMORY_H 1
| #define HAVE_STRINGS_H 1
| #define HAVE_INTTYPES_H 1
| #define HAVE_STDINT_H 1
| #define HAVE_UNISTD_H 1
| #define __EXTENSIONS__ 1
| #define _ALL_SOURCE 1
| #define _GNU_SOURCE 1
| #define _POSIX_PTHREAD_SEMANTICS 1
| #define _TANDEM_SOURCE 1
| #define PACKAGE "ViennaRNA"
| #define VERSION "2.3.5"
| #define UNUSED __attribute__ ((unused))
| #define HAVE_DLFCN_H 1
| #define LT_OBJDIR ".libs/"
| #define HAVE_LIBM 1
| #define STDC_HEADERS 1
| #define HAVE__BOOL 1
| #define HAVE_STDBOOL_H 1
| #define HAVE_MALLOC_H 1
| #define HAVE_FLOAT_H 1
| #define HAVE_LIMITS_H 1
| #define HAVE_STDLIB_H 1
| #define HAVE_STRING_H 1
| #define HAVE_STRINGS_H 1
| #define HAVE_UNISTD_H 1
| #define HAVE_MATH_H 1
| #define HAVE_STDARG_H 1
| #define HAVE_STDLIB_H 1
| #define HAVE_MALLOC 1
| #define HAVE_STDLIB_H 1
| #define HAVE_REALLOC 1
| #define HAVE_FLOOR 1
| #define HAVE_STRDUP 1
| #define HAVE_STRSTR 1
| #define HAVE_STRCHR 1
| #define HAVE_STRRCHR 1
| #define HAVE_STRSTR 1
| #define HAVE_STRTOL 1
| #define HAVE_STRTOUL 1
| #define HAVE_POW 1
| #define HAVE_RINT 1
| #define HAVE_SQRT 1
| #define HAVE_ERAND48 1
| #define HAVE_MEMSET 1
| #define HAVE_MEMMOVE 1
| #define HAVE_ERAND48 1
| #define HAVE_ASPRINTF 1
| #define HAVE_VASPRINTF 1
| /* end confdefs.h.  */
| 
| int
| main ()
| {
| 
|       #if !(defined(__PATHCC__) || defined(__PATHSCALE__))
|         thisisanerror;
|       #endif
| 
|   ;
|   return 0;
| }
configure:18566: gcc -c -g -O2  conftest.c >&5
conftest.c: In function 'main':
conftest.c:69:9: error: 'thisisanerror' undeclared (first use in this function)
         thisisanerror;
         ^~~~~~~~~~~~~
conftest.c:69:9: note: each undeclared identifier is reported only once for each function it appears in
configure:18566: $? = 1
configure: failed program was:
| /* confdefs.h */
| #define PACKAGE_NAME "ViennaRNA"
| #define PACKAGE_TARNAME "ViennaRNA"
| #define PACKAGE_VERSION "2.3.5"
| #define PACKAGE_STRING "ViennaRNA 2.3.5"
| #define PACKAGE_BUGREPORT "rna@tbi.univie.ac.at"
| #define PACKAGE_URL "http://www.tbi.univie.ac.at/RNA"
| #define STDC_HEADERS 1
| #define HAVE_SYS_TYPES_H 1
| #define HAVE_SYS_STAT_H 1
| #define HAVE_STDLIB_H 1
| #define HAVE_STRING_H 1
| #define HAVE_MEMORY_H 1
| #define HAVE_STRINGS_H 1
| #define HAVE_INTTYPES_H 1
| #define HAVE_STDINT_H 1
| #define HAVE_UNISTD_H 1
| #define __EXTENSIONS__ 1
| #define _ALL_SOURCE 1
| #define _GNU_SOURCE 1
| #define _POSIX_PTHREAD_SEMANTICS 1
| #define _TANDEM_SOURCE 1
| #define PACKAGE "ViennaRNA"
| #define VERSION "2.3.5"
| #define UNUSED __attribute__ ((unused))
| #define HAVE_DLFCN_H 1
| #define LT_OBJDIR ".libs/"
| #define HAVE_LIBM 1
| #define STDC_HEADERS 1
| #define HAVE__BOOL 1
| #define HAVE_STDBOOL_H 1
| #define HAVE_MALLOC_H 1
| #define HAVE_FLOAT_H 1
| #define HAVE_LIMITS_H 1
| #define HAVE_STDLIB_H 1
| #define HAVE_STRING_H 1
| #define HAVE_STRINGS_H 1
| #define HAVE_UNISTD_H 1
| #define HAVE_MATH_H 1
| #define HAVE_STDARG_H 1
| #define HAVE_STDLIB_H 1
| #define HAVE_MALLOC 1
| #define HAVE_STDLIB_H 1
| #define HAVE_REALLOC 1
| #define HAVE_FLOOR 1
| #define HAVE_STRDUP 1
| #define HAVE_STRSTR 1
| #define HAVE_STRCHR 1
| #define HAVE_STRRCHR 1
| #define HAVE_STRSTR 1
| #define HAVE_STRTOL 1
| #define HAVE_STRTOUL 1
| #define HAVE_POW 1
| #define HAVE_RINT 1
| #define HAVE_SQRT 1
| #define HAVE_ERAND48 1
| #define HAVE_MEMSET 1
| #define HAVE_MEMMOVE 1
| #define HAVE_ERAND48 1
| #define HAVE_ASPRINTF 1
| #define HAVE_VASPRINTF 1
| /* end confdefs.h.  */
| 
| int
| main ()
| {
| 
|       #if !(defined(__clang__))
|         thisisanerror;
|       #endif
| 
|   ;
|   return 0;
| }
configure:18566: gcc -c -g -O2  conftest.c >&5
conftest.c: In function 'main':
conftest.c:69:9: error: 'thisisanerror' undeclared (first use in this function)
         thisisanerror;
         ^~~~~~~~~~~~~
conftest.c:69:9: note: each undeclared identifier is reported only once for each function it appears in
configure:18566: $? = 1
configure: failed program was:
| /* confdefs.h */
| #define PACKAGE_NAME "ViennaRNA"
| #define PACKAGE_TARNAME "ViennaRNA"
| #define PACKAGE_VERSION "2.3.5"
| #define PACKAGE_STRING "ViennaRNA 2.3.5"
| #define PACKAGE_BUGREPORT "rna@tbi.univie.ac.at"
| #define PACKAGE_URL "http://www.tbi.univie.ac.at/RNA"
| #define STDC_HEADERS 1
| #define HAVE_SYS_TYPES_H 1
| #define HAVE_SYS_STAT_H 1
| #define HAVE_STDLIB_H 1
| #define HAVE_STRING_H 1
| #define HAVE_MEMORY_H 1
| #define HAVE_STRINGS_H 1
| #define HAVE_INTTYPES_H 1
| #define HAVE_STDINT_H 1
| #define HAVE_UNISTD_H 1
| #define __EXTENSIONS__ 1
| #define _ALL_SOURCE 1
| #define _GNU_SOURCE 1
| #define _POSIX_PTHREAD_SEMANTICS 1
| #define _TANDEM_SOURCE 1
| #define PACKAGE "ViennaRNA"
| #define VERSION "2.3.5"
| #define UNUSED __attribute__ ((unused))
| #define HAVE_DLFCN_H 1
| #define LT_OBJDIR ".libs/"
| #define HAVE_LIBM 1
| #define STDC_HEADERS 1
| #define HAVE__BOOL 1
| #define HAVE_STDBOOL_H 1
| #define HAVE_MALLOC_H 1
| #define HAVE_FLOAT_H 1
| #define HAVE_LIMITS_H 1
| #define HAVE_STDLIB_H 1
| #define HAVE_STRING_H 1
| #define HAVE_STRINGS_H 1
| #define HAVE_UNISTD_H 1
| #define HAVE_MATH_H 1
| #define HAVE_STDARG_H 1
| #define HAVE_STDLIB_H 1
| #define HAVE_MALLOC 1
| #define HAVE_STDLIB_H 1
| #define HAVE_REALLOC 1
| #define HAVE_FLOOR 1
| #define HAVE_STRDUP 1
| #define HAVE_STRSTR 1
| #define HAVE_STRCHR 1
| #define HAVE_STRRCHR 1
| #define HAVE_STRSTR 1
| #define HAVE_STRTOL 1
| #define HAVE_STRTOUL 1
| #define HAVE_POW 1
| #define HAVE_RINT 1
| #define HAVE_SQRT 1
| #define HAVE_ERAND48 1
| #define HAVE_MEMSET 1
| #define HAVE_MEMMOVE 1
| #define HAVE_ERAND48 1
| #define HAVE_ASPRINTF 1
| #define HAVE_VASPRINTF 1
| /* end confdefs.h.  */
| 
| int
| main ()
| {
| 
|       #if !(defined(_CRAYC))
|         thisisanerror;
|       #endif
| 
|   ;
|   return 0;
| }
configure:18566: gcc -c -g -O2  conftest.c >&5
conftest.c: In function 'main':
conftest.c:69:9: error: 'thisisanerror' undeclared (first use in this function)
         thisisanerror;
         ^~~~~~~~~~~~~
conftest.c:69:9: note: each undeclared identifier is reported only once for each function it appears in
configure:18566: $? = 1
configure: failed program was:
| /* confdefs.h */
| #define PACKAGE_NAME "ViennaRNA"
| #define PACKAGE_TARNAME "ViennaRNA"
| #define PACKAGE_VERSION "2.3.5"
| #define PACKAGE_STRING "ViennaRNA 2.3.5"
| #define PACKAGE_BUGREPORT "rna@tbi.univie.ac.at"
| #define PACKAGE_URL "http://www.tbi.univie.ac.at/RNA"
| #define STDC_HEADERS 1
| #define HAVE_SYS_TYPES_H 1
| #define HAVE_SYS_STAT_H 1
| #define HAVE_STDLIB_H 1
| #define HAVE_STRING_H 1
| #define HAVE_MEMORY_H 1
| #define HAVE_STRINGS_H 1
| #define HAVE_INTTYPES_H 1
| #define HAVE_STDINT_H 1
| #define HAVE_UNISTD_H 1
| #define __EXTENSIONS__ 1
| #define _ALL_SOURCE 1
| #define _GNU_SOURCE 1
| #define _POSIX_PTHREAD_SEMANTICS 1
| #define _TANDEM_SOURCE 1
| #define PACKAGE "ViennaRNA"
| #define VERSION "2.3.5"
| #define UNUSED __attribute__ ((unused))
| #define HAVE_DLFCN_H 1
| #define LT_OBJDIR ".libs/"
| #define HAVE_LIBM 1
| #define STDC_HEADERS 1
| #define HAVE__BOOL 1
| #define HAVE_STDBOOL_H 1
| #define HAVE_MALLOC_H 1
| #define HAVE_FLOAT_H 1
| #define HAVE_LIMITS_H 1
| #define HAVE_STDLIB_H 1
| #define HAVE_STRING_H 1
| #define HAVE_STRINGS_H 1
| #define HAVE_UNISTD_H 1
| #define HAVE_MATH_H 1
| #define HAVE_STDARG_H 1
| #define HAVE_STDLIB_H 1
| #define HAVE_MALLOC 1
| #define HAVE_STDLIB_H 1
| #define HAVE_REALLOC 1
| #define HAVE_FLOOR 1
| #define HAVE_STRDUP 1
| #define HAVE_STRSTR 1
| #define HAVE_STRCHR 1
| #define HAVE_STRRCHR 1
| #define HAVE_STRSTR 1
| #define HAVE_STRTOL 1
| #define HAVE_STRTOUL 1
| #define HAVE_POW 1
| #define HAVE_RINT 1
| #define HAVE_SQRT 1
| #define HAVE_ERAND48 1
| #define HAVE_MEMSET 1
| #define HAVE_MEMMOVE 1
| #define HAVE_ERAND48 1
| #define HAVE_ASPRINTF 1
| #define HAVE_VASPRINTF 1
| /* end confdefs.h.  */
| 
| int
| main ()
| {
| 
|       #if !(defined(__FUJITSU))
|         thisisanerror;
|       #endif
| 
|   ;
|   return 0;
| }
configure:18566: gcc -c -g -O2  conftest.c >&5
configure:18566: $? = 0
configure:18574: result: gnu
configure:18584: checking for perl
configure:18602: found /usr/bin/perl
configure:18614: result: /usr/bin/perl
configure:18642: checking whether C compiler accepts -fno-strict-aliasing
configure:18661: gcc -c -g -O2  -fno-strict-aliasing  conftest.c >&5
configure:18661: $? = 0
configure:18669: result: yes
configure:18697: : RNA_CFLAGS="$RNA_CFLAGS"
configure:18700: $? = 0
configure:18723: checking whether C++ compiler accepts -fno-strict-aliasing
configure:18742: g++ -c -g -O2  -fno-strict-aliasing  conftest.cpp >&5
configure:18742: $? = 0
configure:18750: result: yes
configure:18778: : RNA_CXXFLAGS="$RNA_CXXFLAGS"
configure:18781: $? = 0
configure:18798: checking whether the linker accepts -fno-strict-aliasing
configure:18817: gcc -o conftest -g -O2    -fno-strict-aliasing conftest.c -lm  >&5
configure:18817: $? = 0
configure:18826: result: yes
configure:18854: : RNA_LDFLAGS="$RNA_LDFLAGS"
configure:18857: $? = 0
configure:18898: checking whether the C compiler allows unnamed unions of unnamed structs
configure:18921: gcc -o conftest -g -O2   conftest.c -lm  >&5
configure:18921: $? = 0
configure:18921: ./conftest
configure:18921: $? = 0
configure:18937: result: yes
configure:18942: checking whether the C++ compiler allows unnamed unions of unnamed structs
configure:18966: g++ -o conftest -g -O2   conftest.cpp -lm  >&5
configure:18966: $? = 0
configure:18966: ./conftest
configure:18966: $? = 0
configure:18982: result: yes
configure:19577: checking whether C compiler accepts -flto
configure:19596: gcc -c -g -O2  -flto  conftest.c >&5
configure:19596: $? = 0
configure:19604: result: yes
configure:19626: checking whether C++ compiler accepts -flto
configure:19645: g++ -c -g -O2  -flto  conftest.cpp >&5
configure:19645: $? = 0
configure:19653: result: yes
configure:19675: checking whether C compiler accepts -ffat-lto-objects
configure:19694: gcc -c -g -O2  -ffat-lto-objects  conftest.c >&5
configure:19694: $? = 0
configure:19702: result: yes
configure:19724: checking whether C++ compiler accepts -ffat-lto-objects
configure:19743: g++ -c -g -O2  -ffat-lto-objects  conftest.cpp >&5
configure:19743: $? = 0
configure:19751: result: yes
configure:20001: WARNING: Trying to re-set ar/ranlib/nm to compiler specific wrappers
configure:20049: checking for gcc-ar
configure:20065: found /usr/bin/gcc-ar
configure:20076: result: gcc-ar
configure:20141: checking for gcc-ranlib
configure:20157: found /usr/bin/gcc-ranlib
configure:20168: result: gcc-ranlib
configure:20233: checking for gcc-nm
configure:20249: found /usr/bin/gcc-nm
configure:20260: result: gcc-nm
configure:20692: checking for ./src/libsvm-3.20/svm.cpp
configure:20699: result: no
configure:20692: checking for ./src/libsvm-3.20/svm.h
configure:20699: result: no
configure:20768: checking for ./src/json/json.c
configure:20771: result: yes
configure:20768: checking for ./src/json/json.h
configure:20771: result: yes
configure:20871: checking for cblas_dgemm in -lgslcblas
configure:20896: gcc -o conftest -g -O2   conftest.c -lgslcblas  -lm  >&5
/usr/bin/ld: cannot find -lgslcblas
collect2: error: ld returned 1 exit status
configure:20896: $? = 1
configure: failed program was:
| /* confdefs.h */
| #define PACKAGE_NAME "ViennaRNA"
| #define PACKAGE_TARNAME "ViennaRNA"
| #define PACKAGE_VERSION "2.3.5"
| #define PACKAGE_STRING "ViennaRNA 2.3.5"
| #define PACKAGE_BUGREPORT "rna@tbi.univie.ac.at"
| #define PACKAGE_URL "http://www.tbi.univie.ac.at/RNA"
| #define STDC_HEADERS 1
| #define HAVE_SYS_TYPES_H 1
| #define HAVE_SYS_STAT_H 1
| #define HAVE_STDLIB_H 1
| #define HAVE_STRING_H 1
| #define HAVE_MEMORY_H 1
| #define HAVE_STRINGS_H 1
| #define HAVE_INTTYPES_H 1
| #define HAVE_STDINT_H 1
| #define HAVE_UNISTD_H 1
| #define __EXTENSIONS__ 1
| #define _ALL_SOURCE 1
| #define _GNU_SOURCE 1
| #define _POSIX_PTHREAD_SEMANTICS 1
| #define _TANDEM_SOURCE 1
| #define PACKAGE "ViennaRNA"
| #define VERSION "2.3.5"
| #define UNUSED __attribute__ ((unused))
| #define HAVE_DLFCN_H 1
| #define LT_OBJDIR ".libs/"
| #define HAVE_LIBM 1
| #define STDC_HEADERS 1
| #define HAVE__BOOL 1
| #define HAVE_STDBOOL_H 1
| #define HAVE_MALLOC_H 1
| #define HAVE_FLOAT_H 1
| #define HAVE_LIMITS_H 1
| #define HAVE_STDLIB_H 1
| #define HAVE_STRING_H 1
| #define HAVE_STRINGS_H 1
| #define HAVE_UNISTD_H 1
| #define HAVE_MATH_H 1
| #define HAVE_STDARG_H 1
| #define HAVE_STDLIB_H 1
| #define HAVE_MALLOC 1
| #define HAVE_STDLIB_H 1
| #define HAVE_REALLOC 1
| #define HAVE_FLOOR 1
| #define HAVE_STRDUP 1
| #define HAVE_STRSTR 1
| #define HAVE_STRCHR 1
| #define HAVE_STRRCHR 1
| #define HAVE_STRSTR 1
| #define HAVE_STRTOL 1
| #define HAVE_STRTOUL 1
| #define HAVE_POW 1
| #define HAVE_RINT 1
| #define HAVE_SQRT 1
| #define HAVE_ERAND48 1
| #define HAVE_MEMSET 1
| #define HAVE_MEMMOVE 1
| #define HAVE_ERAND48 1
| #define HAVE_ASPRINTF 1
| #define HAVE_VASPRINTF 1
| #define VRNA_WITH_JSON_SUPPORT 1
| /* end confdefs.h.  */
| 
| /* Override any GCC internal prototype to avoid an error.
|    Use char because int might match the return type of a GCC
|    builtin and then its argument prototype would still apply.  */
| #ifdef __cplusplus
| extern "C"
| #endif
| char cblas_dgemm ();
| int
| main ()
| {
| return cblas_dgemm ();
|   ;
|   return 0;
| }
configure:20905: result: no
configure:20916: checking for gsl_blas_dgemm in -lgsl
configure:20941: gcc -o conftest -g -O2   conftest.c -lgsl  -lm  >&5
/usr/bin/ld: cannot find -lgsl
collect2: error: ld returned 1 exit status
configure:20941: $? = 1
configure: failed program was:
| /* confdefs.h */
| #define PACKAGE_NAME "ViennaRNA"
| #define PACKAGE_TARNAME "ViennaRNA"
| #define PACKAGE_VERSION "2.3.5"
| #define PACKAGE_STRING "ViennaRNA 2.3.5"
| #define PACKAGE_BUGREPORT "rna@tbi.univie.ac.at"
| #define PACKAGE_URL "http://www.tbi.univie.ac.at/RNA"
| #define STDC_HEADERS 1
| #define HAVE_SYS_TYPES_H 1
| #define HAVE_SYS_STAT_H 1
| #define HAVE_STDLIB_H 1
| #define HAVE_STRING_H 1
| #define HAVE_MEMORY_H 1
| #define HAVE_STRINGS_H 1
| #define HAVE_INTTYPES_H 1
| #define HAVE_STDINT_H 1
| #define HAVE_UNISTD_H 1
| #define __EXTENSIONS__ 1
| #define _ALL_SOURCE 1
| #define _GNU_SOURCE 1
| #define _POSIX_PTHREAD_SEMANTICS 1
| #define _TANDEM_SOURCE 1
| #define PACKAGE "ViennaRNA"
| #define VERSION "2.3.5"
| #define UNUSED __attribute__ ((unused))
| #define HAVE_DLFCN_H 1
| #define LT_OBJDIR ".libs/"
| #define HAVE_LIBM 1
| #define STDC_HEADERS 1
| #define HAVE__BOOL 1
| #define HAVE_STDBOOL_H 1
| #define HAVE_MALLOC_H 1
| #define HAVE_FLOAT_H 1
| #define HAVE_LIMITS_H 1
| #define HAVE_STDLIB_H 1
| #define HAVE_STRING_H 1
| #define HAVE_STRINGS_H 1
| #define HAVE_UNISTD_H 1
| #define HAVE_MATH_H 1
| #define HAVE_STDARG_H 1
| #define HAVE_STDLIB_H 1
| #define HAVE_MALLOC 1
| #define HAVE_STDLIB_H 1
| #define HAVE_REALLOC 1
| #define HAVE_FLOOR 1
| #define HAVE_STRDUP 1
| #define HAVE_STRSTR 1
| #define HAVE_STRCHR 1
| #define HAVE_STRRCHR 1
| #define HAVE_STRSTR 1
| #define HAVE_STRTOL 1
| #define HAVE_STRTOUL 1
| #define HAVE_POW 1
| #define HAVE_RINT 1
| #define HAVE_SQRT 1
| #define HAVE_ERAND48 1
| #define HAVE_MEMSET 1
| #define HAVE_MEMMOVE 1
| #define HAVE_ERAND48 1
| #define HAVE_ASPRINTF 1
| #define HAVE_VASPRINTF 1
| #define VRNA_WITH_JSON_SUPPORT 1
| /* end confdefs.h.  */
| 
| /* Override any GCC internal prototype to avoid an error.
|    Use char because int might match the return type of a GCC
|    builtin and then its argument prototype would still apply.  */
| #ifdef __cplusplus
| extern "C"
| #endif
| char gsl_blas_dgemm ();
| int
| main ()
| {
| return gsl_blas_dgemm ();
|   ;
|   return 0;
| }
configure:20950: result: no
configure:20963: WARNING: "Can't find libgsl. Falling back to default implementation."
configure:21028: checking for OpenMP flag of C compiler
configure:21070: gcc -o conftest -g -O2 -fopenmp   conftest.c -lm  >&5
configure:21070: $? = 0
configure:21079: result: -fopenmp
configure:21111: checking for OpenMP flag of C++ compiler
configure:21153: g++ -o conftest -g -O2 -fopenmp   conftest.cpp -lm  >&5
configure:21153: $? = 0
configure:21162: result: -fopenmp
configure:22058: checking for ./interfaces/Makefile.am
configure:22061: result: yes
configure:22092: checking for swig
configure:22125: result: no
configure:22092: checking for swig2.0
configure:22125: result: no
configure:23142: checking for ./interfaces/Python3/Makefile.am
configure:23145: result: yes
configure:23181: checking for ./interfaces/Python3/RNA_wrap.cpp
configure:23188: result: no
configure:23196: checking for ./interfaces/Python3/RNA.py
configure:23203: result: no
configure:23597: checking for doxygen
configure:23628: result: no
configure:23638: checking for pdflatex
configure:23656: found /usr/bin/pdflatex
configure:23669: result: /usr/bin/pdflatex
configure:23679: checking for latex
configure:23697: found /usr/bin/latex
configure:23710: result: /usr/bin/latex
configure:23720: checking for makeindex
configure:23738: found /usr/bin/makeindex
configure:23751: result: /usr/bin/makeindex
configure:23761: checking for dot
configure:23792: result: no
configure:23802: checking for egrep
configure:23820: found /bin/egrep
configure:23833: result: /bin/egrep
configure:23843: checking for perl
configure:23861: found /usr/bin/perl
configure:23874: result: /usr/bin/perl
configure:24296: checking for CHECK
configure:24303: $PKG_CONFIG --exists --print-errors "check >= 0.9.4"
Package check was not found in the pkg-config search path.
Perhaps you should add the directory containing `check.pc'
to the PKG_CONFIG_PATH environment variable
No package 'check' found
configure:24306: $? = 1
configure:24320: $PKG_CONFIG --exists --print-errors "check >= 0.9.4"
Package check was not found in the pkg-config search path.
Perhaps you should add the directory containing `check.pc'
to the PKG_CONFIG_PATH environment variable
No package 'check' found
configure:24323: $? = 1
configure:24337: result: no
No package 'check' found
configure:24354: WARNING: check not found -- will not build C-library Unit tests
configure:24395: checking for diff
configure:24413: found /usr/bin/diff
configure:24425: result: /usr/bin/diff
configure:24674: checking that generated files are newer than configure
configure:24680: result: done
configure:24799: creating ./config.status

## ---------------------- ##
## Running config.status. ##
## ---------------------- ##

This file was extended by ViennaRNA config.status 2.3.5, which was
generated by GNU Autoconf 2.69.  Invocation command line was

  CONFIG_FILES    = 
  CONFIG_HEADERS  = 
  CONFIG_LINKS    = 
  CONFIG_COMMANDS = 
  $ ./config.status 

on heinrich

config.status:1389: creating packaging/macosx/Makefile
config.status:1389: creating packaging/macosx/Distribution.xml
config.status:1389: creating packaging/macosx/resources/welcome.txt
config.status:1389: creating tests/Makefile
config.status:1389: creating tests/RNApath.py
config.status:1389: creating tests/RNApath.pm
config.status:1389: creating tests/test-env.sh
config.status:1389: creating src/ViennaRNA/vrna_config.h
config.status:1389: creating misc/Makefile
config.status:1389: creating interfaces/Makefile
config.status:1389: creating Makefile
config.status:1389: creating RNAlib2.pc
config.status:1389: creating src/Utils/Makefile
config.status:1389: creating src/bin/Makefile
config.status:1389: creating src/Makefile
config.status:1389: creating man/Makefile
config.status:1389: creating src/ViennaRNA/Makefile
config.status:1389: creating doc/Makefile
config.status:1389: creating man/cmdlopt.sh
config.status:1389: creating packaging/viennarna.spec
config.status:1389: creating packaging/PKGBUILD
config.status:1389: creating packaging/win_installer_archlinux_i686.nsi
config.status:1389: creating packaging/win_installer_archlinux_x86_64.nsi
config.status:1389: creating packaging/win_installer_fedora_i686.nsi
config.status:1389: creating packaging/win_installer_fedora_x86_64.nsi
config.status:1389: creating config.h
config.status:1570: config.h is unchanged
config.status:1618: executing depfiles commands
config.status:1618: executing libtool commands
configure:27904:

################################################
#         ViennaRNA Package 2.3.5             ##
#                                             ##
# configured successfully with the following  ##
# options:                                    ##
################################################


  * Extra Programs:

    ( None )

  * Other Options:

    ( JSON, Boustrophedon, OpenMP, LTO, C11, Color )

  * RNAlib Scripting Language Interfaces:

    ( None )

  * RNAlib Documentation:

    ( None )

  * Unit Tests will be performed for:

    ( None )


##############################################
# Files will be installed in the following  ##
# directories:                              ##
##############################################

  Executables:        /usr/local/bin
  Libraries:          /usr/local/lib
  Header files:       /usr/local/include
  Extra Data:         /usr/local/share
  Man pages:          /usr/local/share/man
  Documentation:      Not to be installed
    (HTML):           
    (PDF):            
  Perl5 Interface:    Not to be installed
    (binaries):       
    (scripts):        
  Python2 Interface:  Not to be installed
    (binaries):       
    (scripts):        
  Python3 Interface:  Not to be installed
    (binaries):       
    (scripts):        


## ---------------- ##
## Cache variables. ##
## ---------------- ##

ac_cv_build=x86_64-pc-linux-gnu
ac_cv_c_compiler_gnu=yes
ac_cv_c_const=yes
ac_cv_c_inline=inline
ac_cv_cxx_compiler_gnu=yes
ac_cv_env_CCC_set=
ac_cv_env_CCC_value=
ac_cv_env_CC_set=
ac_cv_env_CC_value=
ac_cv_env_CFLAGS_set=
ac_cv_env_CFLAGS_value=
ac_cv_env_CHECK_CFLAGS_set=
ac_cv_env_CHECK_CFLAGS_value=
ac_cv_env_CHECK_LIBS_set=
ac_cv_env_CHECK_LIBS_value=
ac_cv_env_CPPFLAGS_set=
ac_cv_env_CPPFLAGS_value=
ac_cv_env_CPP_set=
ac_cv_env_CPP_value=
ac_cv_env_CXXCPP_set=
ac_cv_env_CXXCPP_value=
ac_cv_env_CXXFLAGS_set=
ac_cv_env_CXXFLAGS_value=
ac_cv_env_CXX_set=
ac_cv_env_CXX_value=
ac_cv_env_DIFF_set=
ac_cv_env_DIFF_value=
ac_cv_env_LDFLAGS_set=
ac_cv_env_LDFLAGS_value=
ac_cv_env_LIBS_set=
ac_cv_env_LIBS_value=
ac_cv_env_LT_SYS_LIBRARY_PATH_set=
ac_cv_env_LT_SYS_LIBRARY_PATH_value=
ac_cv_env_PERL_EXT_CPPFLAGS_set=
ac_cv_env_PERL_EXT_CPPFLAGS_value=
ac_cv_env_PERL_EXT_INC_set=
ac_cv_env_PERL_EXT_INC_value=
ac_cv_env_PERL_EXT_LDFLAGS_set=
ac_cv_env_PERL_EXT_LDFLAGS_value=
ac_cv_env_PERL_EXT_LIB_set=
ac_cv_env_PERL_EXT_LIB_value=
ac_cv_env_PERL_EXT_PREFIX_set=
ac_cv_env_PERL_EXT_PREFIX_value=
ac_cv_env_PERL_EXT_SITEARCH_set=
ac_cv_env_PERL_EXT_SITEARCH_value=
ac_cv_env_PERL_EXT_SITELIB_set=
ac_cv_env_PERL_EXT_SITELIB_value=
ac_cv_env_PERL_EXT_SITEPREFIX_set=
ac_cv_env_PERL_EXT_SITEPREFIX_value=
ac_cv_env_PERL_EXT_VENDORARCH_set=
ac_cv_env_PERL_EXT_VENDORARCH_value=
ac_cv_env_PERL_EXT_VENDORLIB_set=
ac_cv_env_PERL_EXT_VENDORLIB_value=
ac_cv_env_PERL_EXT_VENDORPREFIX_set=
ac_cv_env_PERL_EXT_VENDORPREFIX_value=
ac_cv_env_PERL_SO_set=
ac_cv_env_PERL_SO_value=
ac_cv_env_PERL_set=
ac_cv_env_PERL_value=
ac_cv_env_PKG_CONFIG_LIBDIR_set=
ac_cv_env_PKG_CONFIG_LIBDIR_value=
ac_cv_env_PKG_CONFIG_PATH_set=
ac_cv_env_PKG_CONFIG_PATH_value=
ac_cv_env_PKG_CONFIG_set=
ac_cv_env_PKG_CONFIG_value=
ac_cv_env_PYTHON2_CONFIG_set=
ac_cv_env_PYTHON2_CONFIG_value=
ac_cv_env_PYTHON2_DIR_set=
ac_cv_env_PYTHON2_DIR_value=
ac_cv_env_PYTHON2_EXECDIR_set=
ac_cv_env_PYTHON2_EXECDIR_value=
ac_cv_env_PYTHON2_set=
ac_cv_env_PYTHON2_value=
ac_cv_env_PYTHON3_CONFIG_set=
ac_cv_env_PYTHON3_CONFIG_value=
ac_cv_env_PYTHON3_DIR_set=
ac_cv_env_PYTHON3_DIR_value=
ac_cv_env_PYTHON3_EXECDIR_set=
ac_cv_env_PYTHON3_EXECDIR_value=
ac_cv_env_PYTHON3_set=
ac_cv_env_PYTHON3_value=
ac_cv_env_USER_AR_set=
ac_cv_env_USER_AR_value=
ac_cv_env_USER_NM_set=
ac_cv_env_USER_NM_value=
ac_cv_env_USER_RANLIB_set=
ac_cv_env_USER_RANLIB_value=
ac_cv_env_build_alias_set=
ac_cv_env_build_alias_value=
ac_cv_env_host_alias_set=
ac_cv_env_host_alias_value=
ac_cv_env_target_alias_set=
ac_cv_env_target_alias_value=
ac_cv_func_asprintf=yes
ac_cv_func_erand48=yes
ac_cv_func_floor=yes
ac_cv_func_malloc_0_nonnull=yes
ac_cv_func_memmove=yes
ac_cv_func_memset=yes
ac_cv_func_pow=yes
ac_cv_func_realloc_0_nonnull=yes
ac_cv_func_rint=yes
ac_cv_func_sqrt=yes
ac_cv_func_strchr=yes
ac_cv_func_strdup=yes
ac_cv_func_strrchr=yes
ac_cv_func_strstr=yes
ac_cv_func_strtod=yes
ac_cv_func_strtol=yes
ac_cv_func_strtoul=yes
ac_cv_func_vasprintf=yes
ac_cv_header_dlfcn_h=yes
ac_cv_header_float_h=yes
ac_cv_header_inttypes_h=yes
ac_cv_header_limits_h=yes
ac_cv_header_malloc_h=yes
ac_cv_header_math_h=yes
ac_cv_header_memory_h=yes
ac_cv_header_minix_config_h=no
ac_cv_header_stdarg_h=yes
ac_cv_header_stdbool_h=yes
ac_cv_header_stdc=yes
ac_cv_header_stdint_h=yes
ac_cv_header_stdlib_h=yes
ac_cv_header_string_h=yes
ac_cv_header_strings_h=yes
ac_cv_header_sys_stat_h=yes
ac_cv_header_sys_types_h=yes
ac_cv_header_unistd_h=yes
ac_cv_host=x86_64-pc-linux-gnu
ac_cv_lib_gsl_gsl_blas_dgemm=no
ac_cv_lib_gslcblas_cblas_dgemm=no
ac_cv_lib_m_exp=yes
ac_cv_objext=o
ac_cv_path_DIFF=/usr/bin/diff
ac_cv_path_EGREP='/bin/grep -E'
ac_cv_path_FGREP='/bin/grep -F'
ac_cv_path_GREP=/bin/grep
ac_cv_path_PERL=/usr/bin/perl
ac_cv_path_SED=/bin/sed
ac_cv_path_ac_pt_PKG_CONFIG=/usr/bin/pkg-config
ac_cv_path_dot=no
ac_cv_path_doxygen=no
ac_cv_path_egrep=/bin/egrep
ac_cv_path_install='/usr/bin/install -c'
ac_cv_path_latex=/usr/bin/latex
ac_cv_path_lt_DD=/bin/dd
ac_cv_path_makeindex=/usr/bin/makeindex
ac_cv_path_mkdir=/bin/mkdir
ac_cv_path_pdflatex=/usr/bin/pdflatex
ac_cv_path_perl=/usr/bin/perl
ac_cv_prog_AWK=gawk
ac_cv_prog_CPP='gcc -E'
ac_cv_prog_CXXCPP='g++ -E'
ac_cv_prog_ac_ct_AR=ar
ac_cv_prog_ac_ct_CC=gcc
ac_cv_prog_ac_ct_CXX=g++
ac_cv_prog_ac_ct_MANIFEST_TOOL=mt
ac_cv_prog_ac_ct_OBJDUMP=objdump
ac_cv_prog_ac_ct_OUR_AR=gcc-ar
ac_cv_prog_ac_ct_OUR_NM=gcc-nm
ac_cv_prog_ac_ct_OUR_RANLIB=gcc-ranlib
ac_cv_prog_ac_ct_RANLIB=ranlib
ac_cv_prog_ac_ct_STRIP=strip
ac_cv_prog_cc_c89=
ac_cv_prog_cc_c99=
ac_cv_prog_cc_g=yes
ac_cv_prog_cxx_g=yes
ac_cv_prog_make_make_set=yes
ac_cv_safe_to_define___extensions__=yes
ac_cv_type__Bool=yes
ac_cv_type_size_t=yes
am_cv_CC_dependencies_compiler_type=gcc3
am_cv_CXX_dependencies_compiler_type=gcc3
am_cv_ar_interface=ar
am_cv_make_support_nested_variables=yes
am_cv_prog_cc_c_o=yes
ax_cv_c_compiler_vendor=gnu
ax_cv_c_openmp=-fopenmp
ax_cv_check_cflags___ffat_lto_objects=yes
ax_cv_check_cflags___flto=yes
ax_cv_check_cflags___fno_strict_aliasing=yes
ax_cv_check_cxxflags___ffat_lto_objects=yes
ax_cv_check_cxxflags___flto=yes
ax_cv_check_cxxflags___fno_strict_aliasing=yes
ax_cv_check_ldflags___fno_strict_aliasing=yes
ax_cv_cxx_openmp=-fopenmp
lt_cv_ar_at_file=@
lt_cv_archive_cmds_need_lc=no
lt_cv_deplibs_check_method=pass_all
lt_cv_file_magic_cmd='$MAGIC_CMD'
lt_cv_file_magic_test_file=
lt_cv_ld_reload_flag=-r
lt_cv_nm_interface='BSD nm'
lt_cv_objdir=.libs
lt_cv_path_LD=/usr/bin/ld
lt_cv_path_LDCXX='/usr/bin/ld -m elf_x86_64'
lt_cv_path_NM='/usr/bin/nm -B'
lt_cv_path_mainfest_tool=no
lt_cv_prog_compiler_c_o=yes
lt_cv_prog_compiler_c_o_CXX=yes
lt_cv_prog_compiler_pic='-fPIC -DPIC'
lt_cv_prog_compiler_pic_CXX='-fPIC -DPIC'
lt_cv_prog_compiler_pic_works=yes
lt_cv_prog_compiler_pic_works_CXX=yes
lt_cv_prog_compiler_rtti_exceptions=no
lt_cv_prog_compiler_static_works=yes
lt_cv_prog_compiler_static_works_CXX=yes
lt_cv_prog_gnu_ld=yes
lt_cv_prog_gnu_ldcxx=yes
lt_cv_sharedlib_from_linklib_cmd='printf %s\n'
lt_cv_shlibpath_overrides_runpath=yes
lt_cv_sys_global_symbol_pipe='sed -n -e '\''s/^.*[	 ]\([ABCDGIRSTW][ABCDGIRSTW]*\)[	 ][	 ]*\([_A-Za-z][_A-Za-z0-9]*\)$/\1 \2 \2/p'\'' | sed '\''/ __gnu_lto/d'\'''
lt_cv_sys_global_symbol_to_c_name_address='sed -n -e '\''s/^: \(.*\) .*$/  {"\1", (void *) 0},/p'\'' -e '\''s/^[ABCDGIRSTW][ABCDGIRSTW]* .* \(.*\)$/  {"\1", (void *) \&\1},/p'\'''
lt_cv_sys_global_symbol_to_c_name_address_lib_prefix='sed -n -e '\''s/^: \(.*\) .*$/  {"\1", (void *) 0},/p'\'' -e '\''s/^[ABCDGIRSTW][ABCDGIRSTW]* .* \(lib.*\)$/  {"\1", (void *) \&\1},/p'\'' -e '\''s/^[ABCDGIRSTW][ABCDGIRSTW]* .* \(.*\)$/  {"lib\1", (void *) \&\1},/p'\'''
lt_cv_sys_global_symbol_to_cdecl='sed -n -e '\''s/^T .* \(.*\)$/extern int \1();/p'\'' -e '\''s/^[ABCDGIRSTW][ABCDGIRSTW]* .* \(.*\)$/extern char \1;/p'\'''
lt_cv_sys_global_symbol_to_import=
lt_cv_sys_max_cmd_len=1572864
lt_cv_to_host_file_cmd=func_convert_file_noop
lt_cv_to_tool_file_cmd=func_convert_file_noop
lt_cv_truncate_bin='/bin/dd bs=4096 count=1'

## ----------------- ##
## Output variables. ##
## ----------------- ##

ACLOCAL='${SHELL} /home/daniel/viennarna/config/missing aclocal-1.15'
AMDEPBACKSLASH='\'
AMDEP_FALSE='#'
AMDEP_TRUE=''
AMTAR='$${TAR-tar}'
AM_BACKSLASH='\'
AM_CFLAGS=''
AM_CPPFLAGS=''
AM_CXXFLAGS=''
AM_DEFAULT_V='$(AM_DEFAULT_VERBOSITY)'
AM_DEFAULT_VERBOSITY='0'
AM_LDFLAGS=''
AM_V='$(V)'
AR='gcc-ar'
AUTOCONF='${SHELL} /home/daniel/viennarna/config/missing autoconf'
AUTOHEADER='${SHELL} /home/daniel/viennarna/config/missing autoheader'
AUTOMAKE='${SHELL} /home/daniel/viennarna/config/missing automake-1.15'
AWK='gawk'
CC='gcc'
CCDEPMODE='depmode=gcc3'
CFLAGS='-g -O2'
CHECK_CFLAGS=''
CHECK_LIBS=''
CLUSTER_DIR=''
CONFIG_BOUSTROPHEDON='#define VRNA_WITH_BOUSTROPHEDON'
CONFIG_DISABLE_C11_FEATURES=''
CONFIG_FLOAT_PF=''
CONFIG_GSL=''
CONFIG_JSON='#define VRNA_WITH_JSON_SUPPORT'
CONFIG_LTO='#define VRNA_WITH_LTO'
CONFIG_OPENMP='#define VRNA_WITH_OPENMP'
CONFIG_SSE_IMPLEMENTATION=''
CONFIG_SVM=''
CONFIG_TTY_COLORS=''
CPP='gcc -E'
CPPFLAGS=''
CXX='g++'
CXXCPP='g++ -E'
CXXDEPMODE='depmode=gcc3'
CXXFLAGS='-g -O2'
CYGPATH_W='echo'
DEFS='-DHAVE_CONFIG_H'
DEPDIR='.deps'
DEPRECATION_WARNING=''
DIFF='/usr/bin/diff'
DISABLE_C11_FEATURES=''
DLLTOOL='false'
DOXYGEN_CMD_LATEX=''
DOXYGEN_CMD_MAKEINDEX=''
DOXYGEN_CONF=''
DOXYGEN_DOCDIR=''
DOXYGEN_GENERATE_HTML=''
DOXYGEN_GENERATE_LATEX=''
DOXYGEN_HAVE_DOT=''
DOXYGEN_PROJECT_NAME=''
DOXYGEN_SRCDIR=''
DOXYGEN_WITH_PDFLATEX=''
DSYMUTIL=''
DUMPBIN=''
ECHO_C=''
ECHO_N='-n'
ECHO_T=''
EGREP='/bin/grep -E'
EXEEXT=''
FGREP='/bin/grep -F'
FLOAT_PF_FLAG=''
GREP='/bin/grep'
GSL_LIBS=''
HAS_SWIG_FALSE=''
HAS_SWIG_TRUE='#'
HDIUTIL=''
INSTALL_DATA='${INSTALL} -m 644'
INSTALL_PROGRAM='${INSTALL}'
INSTALL_SCRIPT='${INSTALL}'
INSTALL_STRIP_PROGRAM='$(install_sh) -c -s'
ISODATE='2018-03-14'
LD='/usr/bin/ld -m elf_x86_64'
LDFLAGS=''
LIBGOMPFLAG='-fopenmp'
LIBOBJS=''
LIBS='-lm '
LIBSVM_DIR=''
LIBTOOL='$(SHELL) $(top_builddir)/libtool'
LIBTOOL_DEPS='config/ltmain.sh'
LIPO=''
LN_S='ln -s'
LTLIBOBJS=''
LTO_CFLAGS='-flto -ffat-lto-objects'
LTO_CXXFLAGS='-flto -ffat-lto-objects'
LTO_LDFLAGS='-flto'
LT_SYS_LIBRARY_PATH=''
MACOSX_INSTALLER=''
MAKEINFO='${SHELL} /home/daniel/viennarna/config/missing makeinfo'
MAKE_CLUSTER_FALSE=''
MAKE_CLUSTER_TRUE='#'
MAKE_FORESTER_FALSE=''
MAKE_FORESTER_TRUE='#'
MAKE_KINFOLD_FALSE='#'
MAKE_KINFOLD_TRUE=''
MANIFEST_TOOL=':'
MKDIR_P='/bin/mkdir -p'
NM='gcc-nm'
NMEDIT=''
OBJDUMP='objdump'
OBJEXT='o'
OPENMP_CFLAGS='-fopenmp'
OPENMP_CXXFLAGS='-fopenmp'
OTOOL64=''
OTOOL=''
OUR_AR='gcc-ar'
OUR_NM='gcc-nm'
OUR_RANLIB='gcc-ranlib'
PACKAGE='ViennaRNA'
PACKAGE_BUGREPORT='rna@tbi.univie.ac.at'
PACKAGE_NAME='ViennaRNA'
PACKAGE_STRING='ViennaRNA 2.3.5'
PACKAGE_TARNAME='ViennaRNA'
PACKAGE_URL='http://www.tbi.univie.ac.at/RNA'
PACKAGE_VERSION='2.3.5'
PATH_SEPARATOR=':'
PERL='/usr/bin/perl'
PERLXS_CFLAGS=''
PERLXS_LDFLAGS=''
PERL_ARCH_RELATIVE_INSTALL_DIR=''
PERL_EXT_CPPFLAGS=''
PERL_EXT_INC=''
PERL_EXT_LDFLAGS=''
PERL_EXT_LIB=''
PERL_EXT_PREFIX=''
PERL_EXT_SITEARCH=''
PERL_EXT_SITELIB=''
PERL_EXT_SITEPREFIX=''
PERL_EXT_VENDORARCH=''
PERL_EXT_VENDORLIB=''
PERL_EXT_VENDORPREFIX=''
PERL_INTERFACE=''
PERL_LIB_RELATIVE_INSTALL_DIR=''
PERL_SO=''
PKGBUILD=''
PKGPYEXEC2DIR=''
PKGPYTHON2DIR=''
PKG_CONFIG='/usr/bin/pkg-config'
PKG_CONFIG_LIBDIR=''
PKG_CONFIG_PATH=''
POW_LIB=''
PRODUCTBUILD=''
PYEXEC2DIR=''
PYTHON2=''
PYTHON2DIR=''
PYTHON2_CFLAGS=''
PYTHON2_CONFIG=''
PYTHON2_DIR=''
PYTHON2_EXECDIR=''
PYTHON2_INCLUDES=''
PYTHON2_INTERFACE=''
PYTHON2_LDFLAGS=''
PYTHON2_LIBS=''
PYTHON2_SO=''
PYTHON3=''
PYTHON3_CACHE_OPT1_EXT=''
PYTHON3_CACHE_TAG=''
PYTHON3_CFLAGS=''
PYTHON3_CONFIG=''
PYTHON3_DIR=''
PYTHON3_EXECDIR=''
PYTHON3_INCLUDES=''
PYTHON3_INTERFACE=''
PYTHON3_LDFLAGS=''
PYTHON3_LIBS=''
PYTHON3_SO=''
RANLIB='gcc-ranlib'
REFDOC_PREDEF_FLOAT_PF=''
REFDOC_PREDEF_JSON='VRNA_WITH_JSON_SUPPORT'
REFDOC_PREDEF_SVM=''
REFERENCE_MANUAL_PDF_NAME='.pdf'
REFERENCE_MANUAL_TAGFILE='.tag'
RNA_CFLAGS='-fno-strict-aliasing -flto -ffat-lto-objects -fopenmp'
RNA_CPPFLAGS=''
RNA_CXXFLAGS='-fno-strict-aliasing -flto -ffat-lto-objects -fopenmp'
RNA_LDFLAGS='-fno-strict-aliasing -flto'
SED='/bin/sed'
SET_MAKE=''
SHELL='/bin/bash'
SIMD_CFLAGS=''
STRIP='strip'
SWIG=''
SWIG_LIB=''
USER_AR=''
USER_NM=''
USER_RANLIB=''
VERSION='2.3.5'
VRNA_AM_SWITCH_GSL_FALSE=''
VRNA_AM_SWITCH_GSL_TRUE='#'
VRNA_AM_SWITCH_JSON_FALSE='#'
VRNA_AM_SWITCH_JSON_TRUE=''
VRNA_AM_SWITCH_LTO_FALSE='#'
VRNA_AM_SWITCH_LTO_TRUE=''
VRNA_AM_SWITCH_STATIC_EXECUTABLES_FALSE=''
VRNA_AM_SWITCH_STATIC_EXECUTABLES_TRUE='#'
VRNA_AM_SWITCH_SVM_FALSE=''
VRNA_AM_SWITCH_SVM_TRUE='#'
VRNA_CFLAGS=' -I$(top_srcdir)/../../src/ViennaRNA -I$(top_srcdir)/../../src '
VRNA_LIBS=' -fno-strict-aliasing -flto -L$(top_builddir)/../../src/ViennaRNA -lRNA -fopenmp'
WITH_CHECK_FALSE=''
WITH_CHECK_TRUE='#'
WITH_EXECUTABLE_TESTS_FALSE='#'
WITH_EXECUTABLE_TESTS_TRUE=''
WITH_MACOSX_INSTALLER_FALSE=''
WITH_MACOSX_INSTALLER_TRUE='#'
WITH_PERL_TESTS_FALSE=''
WITH_PERL_TESTS_TRUE='#'
WITH_PYTHON3_TESTS_FALSE=''
WITH_PYTHON3_TESTS_TRUE='#'
WITH_PYTHON_TESTS_FALSE=''
WITH_PYTHON_TESTS_TRUE='#'
WITH_REFERENCE_MANUAL_BUILD_FALSE=''
WITH_REFERENCE_MANUAL_BUILD_TRUE='#'
WITH_REFERENCE_MANUAL_FALSE=''
WITH_REFERENCE_MANUAL_HTML_FALSE=''
WITH_REFERENCE_MANUAL_HTML_TRUE='#'
WITH_REFERENCE_MANUAL_PDF_FALSE=''
WITH_REFERENCE_MANUAL_PDF_TRUE='#'
WITH_REFERENCE_MANUAL_TRUE='#'
WITH_UNIT_TESTS_FALSE='#'
WITH_UNIT_TESTS_TRUE=''
ac_ct_AR='ar'
ac_ct_CC='gcc'
ac_ct_CXX='g++'
ac_ct_DUMPBIN=''
am__EXEEXT_FALSE=''
am__EXEEXT_TRUE='#'
am__fastdepCC_FALSE='#'
am__fastdepCC_TRUE=''
am__fastdepCXX_FALSE='#'
am__fastdepCXX_TRUE=''
am__include='include'
am__isrc=''
am__leading_dot='.'
am__nodep='_no'
am__quote=''
am__tar='$${TAR-tar} chof - "$$tardir"'
am__untar='$${TAR-tar} xf -'
bindir='${exec_prefix}/bin'
build='x86_64-pc-linux-gnu'
build_alias=''
build_cpu='x86_64'
build_os='linux-gnu'
build_vendor='pc'
datadir='${datarootdir}'
datarootdir='${prefix}/share'
docdir='${datarootdir}/doc/${PACKAGE_TARNAME}'
dot='no'
doxygen='no'
dvidir='${docdir}'
egrep='/bin/egrep'
exec_prefix='${prefix}'
host='x86_64-pc-linux-gnu'
host_alias=''
host_cpu='x86_64'
host_os='linux-gnu'
host_vendor='pc'
htmldir='${datarootdir}/doc/${PACKAGE_TARNAME}/html'
includedir='${prefix}/include'
infodir='${datarootdir}/info'
install_sh='${SHELL} /home/daniel/viennarna/config/install-sh'
latex='/usr/bin/latex'
libdir='${exec_prefix}/lib'
libexecdir='${exec_prefix}/libexec'
localedir='${datarootdir}/locale'
localstatedir='${prefix}/var'
makeindex='/usr/bin/makeindex'
mandir='${datarootdir}/man'
mkdir_p='$(MKDIR_P)'
oldincludedir='/usr/include'
pdfdir='${docdir}'
pdflatex='/usr/bin/pdflatex'
perl='/usr/bin/perl'
prefix='/usr/local'
program_transform_name='s,x,x,'
psdir='${docdir}'
py2execdir=''
py3execdir=''
python2dir=''
python3dir=''
runstatedir='${localstatedir}/run'
sbindir='${exec_prefix}/sbin'
sharedstatedir='${prefix}/com'
subdirs=''
sysconfdir='${prefix}/etc'
target_alias=''

## ----------- ##
## confdefs.h. ##
## ----------- ##

/* confdefs.h */
#define PACKAGE_NAME "ViennaRNA"
#define PACKAGE_TARNAME "ViennaRNA"
#define PACKAGE_VERSION "2.3.5"
#define PACKAGE_STRING "ViennaRNA 2.3.5"
#define PACKAGE_BUGREPORT "rna@tbi.univie.ac.at"
#define PACKAGE_URL "http://www.tbi.univie.ac.at/RNA"
#define STDC_HEADERS 1
#define HAVE_SYS_TYPES_H 1
#define HAVE_SYS_STAT_H 1
#define HAVE_STDLIB_H 1
#define HAVE_STRING_H 1
#define HAVE_MEMORY_H 1
#define HAVE_STRINGS_H 1
#define HAVE_INTTYPES_H 1
#define HAVE_STDINT_H 1
#define HAVE_UNISTD_H 1
#define __EXTENSIONS__ 1
#define _ALL_SOURCE 1
#define _GNU_SOURCE 1
#define _POSIX_PTHREAD_SEMANTICS 1
#define _TANDEM_SOURCE 1
#define PACKAGE "ViennaRNA"
#define VERSION "2.3.5"
#define UNUSED __attribute__ ((unused))
#define HAVE_DLFCN_H 1
#define LT_OBJDIR ".libs/"
#define HAVE_LIBM 1
#define STDC_HEADERS 1
#define HAVE__BOOL 1
#define HAVE_STDBOOL_H 1
#define HAVE_MALLOC_H 1
#define HAVE_FLOAT_H 1
#define HAVE_LIMITS_H 1
#define HAVE_STDLIB_H 1
#define HAVE_STRING_H 1
#define HAVE_STRINGS_H 1
#define HAVE_UNISTD_H 1
#define HAVE_MATH_H 1
#define HAVE_STDARG_H 1
#define HAVE_STDLIB_H 1
#define HAVE_MALLOC 1
#define HAVE_STDLIB_H 1
#define HAVE_REALLOC 1
#define HAVE_FLOOR 1
#define HAVE_STRDUP 1
#define HAVE_STRSTR 1
#define HAVE_STRCHR 1
#define HAVE_STRRCHR 1
#define HAVE_STRSTR 1
#define HAVE_STRTOL 1
#define HAVE_STRTOUL 1
#define HAVE_POW 1
#define HAVE_RINT 1
#define HAVE_SQRT 1
#define HAVE_ERAND48 1
#define HAVE_MEMSET 1
#define HAVE_MEMMOVE 1
#define HAVE_ERAND48 1
#define HAVE_ASPRINTF 1
#define HAVE_VASPRINTF 1
#define VRNA_WITH_JSON_SUPPORT 1
#define HAVE_OPENMP 1
#define HAVE_OPENMP 1
#define VRNA_WITH_BOUSTROPHEDON 1

configure: exit 0
